{"numTotalTestSuites":223,"numPassedTestSuites":223,"numFailedTestSuites":0,"numPendingTestSuites":0,"numTotalTests":565,"numPassedTests":565,"numFailedTests":0,"numPendingTests":0,"numTodoTests":0,"snapshot":{"added":0,"failure":false,"filesAdded":0,"filesRemoved":0,"filesRemovedList":[],"filesUnmatched":0,"filesUpdated":0,"matched":0,"total":0,"unchecked":0,"uncheckedKeysByFile":[],"unmatched":0,"updated":0,"didUpdate":false},"startTime":1786984581995,"success":true,"testResults":[{"assertionResults":[{"ancestorTitles":["A/B dual-reel pipeline"],"fullName":"A/B dual-reel pipeline schedules three daily slots with noon and evening reel times","status":"passed","title":"schedules three daily slots with noon and evening reel times","duration":5.147900000000163,"failureMessages":[],"meta":{},"tags":[]},{"ancestorTitles":["A/B dual-reel pipeline"],"fullName":"A/B dual-reel pipeline crosses variants by calendar day and pairs distinct concepts","status":"passed","title":"crosses variants by calendar day and pairs distinct concepts","duration":22.297599999999875,"failureMessages":[],"meta":{},"tags":[]},{"ancestorTitles":["A/B dual-reel pipeline"],"fullName":"A/B dual-reel pipeline blocks live publish of slot 3 outside its four-hour window","status":"passed","title":"blocks live publish of slot 3 outside its four-hour window","duration":23.010099999999966,"failureMessages":[],"meta":{},"tags":[]},{"ancestorTitles":["A/B dual-reel pipeline"],"fullName":"A/B dual-reel pipeline heals a rewritten slot 3 from the ab-test plan","status":"passed","title":"heals a rewritten slot 3 from the ab-test plan","duration":337.7917,"failureMessages":[],"meta":{},"tags":[]},{"ancestorTitles":["A/B dual-reel pipeline"],"fullName":"A/B dual-reel pipeline heals a slot when the concept is right but the variant is wrong","status":"passed","title":"heals a slot when the concept is right but the variant is wrong","duration":454.3988999999999,"failureMessages":[],"meta":{},"tags":[]},{"ancestorTitles":["A/B dual-reel pipeline"],"fullName":"A/B dual-reel pipeline invalidates the outgoing slot's images before heal overwrites the cover","status":"passed","title":"invalidates the outgoing slot's images before heal overwrites the cover","duration":291.6246000000001,"failureMessages":[],"meta":{},"tags":[]},{"ancestorTitles":["A/B dual-reel pipeline"],"fullName":"A/B dual-reel pipeline classifies a missing slot 3 as skip, not fail (catch-up / post path)","status":"passed","title":"classifies a missing slot 3 as skip, not fail (catch-up / post path)","duration":1.4048999999999978,"failureMessages":[],"meta":{},"tags":[]},{"ancestorTitles":["A/B dual-reel pipeline"],"fullName":"A/B dual-reel pipeline postCurrentSlot skips absent slot 3 without throwing","status":"passed","title":"postCurrentSlot skips absent slot 3 without throwing","duration":206.80750000000035,"failureMessages":[],"meta":{},"tags":[]},{"ancestorTitles":["A/B dual-reel pipeline"],"fullName":"A/B dual-reel pipeline writes optional ab_variant on posted-log only when a plan exists","status":"passed","title":"writes optional ab_variant on posted-log only when a plan exists","duration":170.3656000000001,"failureMessages":[],"meta":{},"tags":[]},{"ancestorTitles":["A/B dual-reel pipeline"],"fullName":"A/B dual-reel pipeline reports data_gaps instead of fabricating zero metrics","status":"passed","title":"reports data_gaps instead of fabricating zero metrics","duration":21.379399999999805,"failureMessages":[],"meta":{},"tags":[]},{"ancestorTitles":["A/B dual-reel pipeline"],"fullName":"A/B dual-reel pipeline puts posted-log rows without ab_variant into the unattributed bucket","status":"passed","title":"puts posted-log rows without ab_variant into the unattributed bucket","duration":29.27509999999984,"failureMessages":[],"meta":{},"tags":[]},{"ancestorTitles":["A/B dual-reel pipeline"],"fullName":"A/B dual-reel pipeline stamps the reel cover with everything the approval gate demands","status":"passed","title":"stamps the reel cover with everything the approval gate demands","duration":452.3469,"failureMessages":[],"meta":{},"tags":[]},{"ancestorTitles":["A/B dual-reel pipeline"],"fullName":"A/B dual-reel pipeline leaves a paused plan half alone instead of healing it back in","status":"passed","title":"leaves a paused plan half alone instead of healing it back in","duration":18.784000000000106,"failureMessages":[],"meta":{},"tags":[]},{"ancestorTitles":["A/B dual-reel pipeline"],"fullName":"A/B dual-reel pipeline captionsFor includes LINE id and never bare-shops in block 2","status":"passed","title":"captionsFor includes LINE id and never bare-shops in block 2","duration":300.5648000000001,"failureMessages":[],"meta":{},"tags":[]},{"ancestorTitles":["assemble-reel two-act invariance"],"fullName":"assemble-reel two-act invariance documents ffprobe baseline for the existing two-act reel (mutation target)","status":"passed","title":"documents ffprobe baseline for the existing two-act reel (mutation target)","duration":14.47649999999976,"failureMessages":[],"meta":{},"tags":[]},{"ancestorTitles":["planSlot mapping"],"fullName":"planSlot mapping maps noon to slot 3 and evening to slot 2","status":"passed","title":"maps noon to slot 3 and evening to slot 2","duration":1.6739999999999782,"failureMessages":[],"meta":{},"tags":[]}],"startTime":1786984583585,"endTime":1786984585936.674,"status":"passed","message":"","name":"C:/Users/cyc39/Documents/New project 5/test/abTestPipeline.test.ts"},{"assertionResults":[{"ancestorTitles":["approvePost"],"fullName":"approvePost writes platform approval records without posting","status":"passed","title":"writes platform approval records without posting","duration":251.66960000000006,"failureMessages":[],"meta":{},"tags":[]},{"ancestorTitles":["approvePost"],"fullName":"approvePost refuses unproven images, and records the override when forced","status":"passed","title":"refuses unproven images, and records the override when forced","duration":406.2137,"failureMessages":[],"meta":{},"tags":[]},{"ancestorTitles":["approvePost"],"fullName":"approvePost hasApprovedPost still ignores forced; hasPublishableApproval does not","status":"passed","title":"hasApprovedPost still ignores forced; hasPublishableApproval does not","duration":0.7363000000000284,"failureMessages":[],"meta":{},"tags":[]},{"ancestorTitles":["approvePost"],"fullName":"approvePost refuses to write consent while paused, even when forced","status":"passed","title":"refuses to write consent while paused, even when forced","duration":110.3415,"failureMessages":[],"meta":{},"tags":[]},{"ancestorTitles":["approvePost"],"fullName":"approvePost writes an image-digest snapshot for the slot after a forced approval","status":"passed","title":"writes an image-digest snapshot for the slot after a forced approval","duration":318.1473000000001,"failureMessages":[],"meta":{},"tags":[]},{"ancestorTitles":["approvePost"],"fullName":"approvePost merges a later slot into the day's digest map without wiping an earlier one","status":"passed","title":"merges a later slot into the day's digest map without wiping an earlier one","duration":142.2754,"failureMessages":[],"meta":{},"tags":[]},{"ancestorTitles":["approvePost"],"fullName":"approvePost leaves no approval log when the digest snapshot write fails","status":"passed","title":"leaves no approval log when the digest snapshot write fails","duration":36.80729999999994,"failureMessages":[],"meta":{},"tags":[]}],"startTime":1786984585081,"endTime":1786984586347.8074,"status":"passed","message":"","name":"C:/Users/cyc39/Documents/New project 5/test/approvePost.test.ts"},{"assertionResults":[{"ancestorTitles":["the craftsman reaches the prompts production actually uses"],"fullName":"the craftsman reaches the prompts production actually uses is in the after prompt, which is where the judgement is delivered","status":"passed","title":"is in the after prompt, which is where the judgement is delivered","duration":3.025600000000054,"failureMessages":[],"meta":{},"tags":[]},{"ancestorTitles":["the craftsman reaches the prompts production actually uses"],"fullName":"the craftsman reaches the prompts production actually uses is not in the before prompt, which is the customer's problem","status":"passed","title":"is not in the before prompt, which is the customer's problem","duration":0.5554000000000769,"failureMessages":[],"meta":{},"tags":[]},{"ancestorTitles":["the craftsman reaches the prompts production actually uses"],"fullName":"the craftsman reaches the prompts production actually uses keeps the after act an edit of the before, so the object cannot change","status":"passed","title":"keeps the after act an edit of the before, so the object cannot change","duration":0.3830000000000382,"failureMessages":[],"meta":{},"tags":[]},{"ancestorTitles":["the craftsman reaches the prompts production actually uses"],"fullName":"the craftsman reaches the prompts production actually uses puts the craftsman in every concept's after prompt, not just one","status":"passed","title":"puts the craftsman in every concept's after prompt, not just one","duration":8.954799999999977,"failureMessages":[],"meta":{},"tags":[]},{"ancestorTitles":["the craftsman reaches the prompts production actually uses"],"fullName":"the craftsman reaches the prompts production actually uses names the craftsman in both middle prompts of the production script","status":"passed","title":"names the craftsman in both middle prompts of the production script","duration":3.8144999999999527,"failureMessages":[],"meta":{},"tags":[]}],"startTime":1786984591715,"endTime":1786984591731.8145,"status":"passed","message":"","name":"C:/Users/cyc39/Documents/New project 5/test/artisanWiring.test.ts"},{"assertionResults":[{"ancestorTitles":["writeApprovedImageDigests"],"fullName":"writeApprovedImageDigests writes a snapshot the loader reads back verbatim, leaving no temp files","status":"passed","title":"writes a snapshot the loader reads back verbatim, leaving no temp files","duration":17.278800000000047,"failureMessages":[],"meta":{},"tags":[]},{"ancestorTitles":["writeApprovedImageDigests"],"fullName":"writeApprovedImageDigests keeps the previous snapshot intact when the new write fails","status":"passed","title":"keeps the previous snapshot intact when the new write fails","duration":12.966200000000072,"failureMessages":[],"meta":{},"tags":[]},{"ancestorTitles":["snapshot writer wiring"],"fullName":"snapshot writer wiring both approval writers go through the atomic helper and never raw-write the snapshot","status":"passed","title":"both approval writers go through the atomic helper and never raw-write the snapshot","duration":3.6952999999999747,"failureMessages":[],"meta":{},"tags":[]}],"startTime":1786984591567,"endTime":1786984591601.6953,"status":"passed","message":"","name":"C:/Users/cyc39/Documents/New project 5/test/atomicDigestWrite.test.ts"},{"assertionResults":[{"ancestorTitles":["auditPublicSite"],"fullName":"auditPublicSite passes when images, OG, schema image, and NAP are valid","status":"passed","title":"passes when images, OG, schema image, and NAP are valid","duration":150.37419999999997,"failureMessages":[],"meta":{},"tags":[]},{"ancestorTitles":["auditPublicSite"],"fullName":"auditPublicSite reports missing alt, broken images, non-image responses, and NAP mismatches","status":"passed","title":"reports missing alt, broken images, non-image responses, and NAP mismatches","duration":176.7083,"failureMessages":[],"meta":{},"tags":[]}],"startTime":1786984590089,"endTime":1786984590415.7083,"status":"passed","message":"","name":"C:/Users/cyc39/Documents/New project 5/test/auditPublicSite.test.ts"},{"assertionResults":[{"ancestorTitles":["calendar HMAC key is gitignored"],"fullName":"calendar HMAC key is gitignored data/.gitignore lists the hmac key file","status":"passed","title":"data/.gitignore lists the hmac key file","duration":5.998900000000049,"failureMessages":[],"meta":{},"tags":[]},{"ancestorTitles":["writeDailyContent stamps the plan writer"],"fullName":"writeDailyContent stamps the plan writer adds written_by and a slots checksum, and a normal load is not tampered","status":"passed","title":"adds written_by and a slots checksum, and a normal load is not tampered","duration":50.83359999999993,"failureMessages":[],"meta":{},"tags":[]},{"ancestorTitles":["loadDailyContent tamper detection"],"fullName":"loadDailyContent tamper detection marks a today/future external calendar (no checksum) as tampered","status":"passed","title":"marks a today/future external calendar (no checksum) as tampered","duration":21.285000000000082,"failureMessages":[],"meta":{},"tags":[]},{"ancestorTitles":["loadDailyContent tamper detection"],"fullName":"loadDailyContent tamper detection grandfathers unstamped calendars from before the stamping regime, even for today","status":"passed","title":"grandfathers unstamped calendars from before the stamping regime, even for today","duration":56.41779999999994,"failureMessages":[],"meta":{},"tags":[]},{"ancestorTitles":["loadDailyContent tamper detection"],"fullName":"loadDailyContent tamper detection closes the grace window at the adoption date: unstamped 2026-08-19 today stays tampered","status":"passed","title":"closes the grace window at the adoption date: unstamped 2026-08-19 today stays tampered","duration":6.872000000000071,"failureMessages":[],"meta":{},"tags":[]},{"ancestorTitles":["loadDailyContent tamper detection"],"fullName":"loadDailyContent tamper detection treats a historical file without checksum as legacy, not tampered","status":"passed","title":"treats a historical file without checksum as legacy, not tampered","duration":71.16100000000006,"failureMessages":[],"meta":{},"tags":[]},{"ancestorTitles":["loadDailyContent tamper detection"],"fullName":"loadDailyContent tamper detection marks a present-but-wrong checksum as tampered even when written_by is set","status":"passed","title":"marks a present-but-wrong checksum as tampered even when written_by is set","duration":35.552799999999934,"failureMessages":[],"meta":{},"tags":[]},{"ancestorTitles":["tamper rebuild path"],"fullName":"tamper rebuild path records evidence and rebuilds from the plan with a clean stamp","status":"passed","title":"records evidence and rebuilds from the plan with a clean stamp","duration":164.03500000000008,"failureMessages":[],"meta":{},"tags":[]},{"ancestorTitles":["tamper rebuild path"],"fullName":"tamper rebuild path does not write evidence for a clean writeDailyContent calendar","status":"passed","title":"does not write evidence for a clean writeDailyContent calendar","duration":286.3001999999999,"failureMessages":[],"meta":{},"tags":[]},{"ancestorTitles":["tamper rebuild path"],"fullName":"tamper rebuild path CLI --inspect-calendar exits 2 and prints shouldRebuild for a forged calendar","status":"passed","title":"CLI --inspect-calendar exits 2 and prints shouldRebuild for a forged calendar","duration":2073.8561,"failureMessages":[],"meta":{},"tags":[]},{"ancestorTitles":["daily scripts rebuild on tamper"],"fullName":"daily scripts rebuild on tamper daily-approve inspects before auto-approve and force-rebuilds","status":"passed","title":"daily-approve inspects before auto-approve and force-rebuilds","duration":5.43080000000009,"failureMessages":[],"meta":{},"tags":[]},{"ancestorTitles":["daily scripts rebuild on tamper"],"fullName":"daily scripts rebuild on tamper daily-generate inspects the existing-calendar branch before the images-ready exit","status":"passed","title":"daily-generate inspects the existing-calendar branch before the images-ready exit","duration":3.588799999999992,"failureMessages":[],"meta":{},"tags":[]},{"ancestorTitles":["checksum covers envelope and HMAC"],"fullName":"checksum covers envelope and HMAC marks a date, timezone, or generated_at change as tampered","status":"passed","title":"marks a date, timezone, or generated_at change as tampered","duration":15.322500000000218,"failureMessages":[],"meta":{},"tags":[]},{"ancestorTitles":["checksum covers envelope and HMAC"],"fullName":"checksum covers envelope and HMAC rejects a forged written_by plus recomputed keyless checksum","status":"passed","title":"rejects a forged written_by plus recomputed keyless checksum","duration":9.92489999999998,"failureMessages":[],"meta":{},"tags":[]},{"ancestorTitles":["checksum covers envelope and HMAC"],"fullName":"checksum covers envelope and HMAC mutation: keyless recompute only passes when HMAC is not applied","status":"passed","title":"mutation: keyless recompute only passes when HMAC is not applied","duration":18.023400000000038,"failureMessages":[],"meta":{},"tags":[]},{"ancestorTitles":["checksum covers envelope and HMAC"],"fullName":"checksum covers envelope and HMAC marks integrity weak when the HMAC key is missing and the keyless digest matches","status":"passed","title":"marks integrity weak when the HMAC key is missing and the keyless digest matches","duration":6.2708999999995285,"failureMessages":[],"meta":{},"tags":[]},{"ancestorTitles":["tampered consumers fail closed"],"fullName":"tampered consumers fail closed autoApprove refuses a tampered calendar and writes no approval","status":"passed","title":"autoApprove refuses a tampered calendar and writes no approval","duration":56.54579999999987,"failureMessages":[],"meta":{},"tags":[]}],"startTime":1786984583361,"endTime":1786984586251.546,"status":"passed","message":"","name":"C:/Users/cyc39/Documents/New project 5/test/calendarTamperGuard.test.ts"},{"assertionResults":[{"ancestorTitles":["image prompts name the object the topic is about"],"fullName":"image prompts name the object the topic is about never asks for navy shoes on a white-shoe topic","status":"passed","title":"never asks for navy shoes on a white-shoe topic","duration":5.743199999999888,"failureMessages":[],"meta":{},"tags":[]},{"ancestorTitles":["caption quality"],"fullName":"caption quality never spends the fold line on the shop name","status":"passed","title":"never spends the fold line on the shop name","duration":4.587300000000141,"failureMessages":[],"meta":{},"tags":[]},{"ancestorTitles":["caption quality"],"fullName":"caption quality still says who the shop is","status":"passed","title":"still says who the shop is","duration":3.2361000000000786,"failureMessages":[],"meta":{},"tags":[]},{"ancestorTitles":["caption quality"],"fullName":"caption quality gives the reader the LINE ID the videos point at","status":"passed","title":"gives the reader the LINE ID the videos point at","duration":2.432600000000093,"failureMessages":[],"meta":{},"tags":[]},{"ancestorTitles":["caption quality"],"fullName":"caption quality carries the tappable LINE redirect with source=post","status":"passed","title":"carries the tappable LINE redirect with source=post","duration":3.0812999999998283,"failureMessages":[],"meta":{},"tags":[]},{"ancestorTitles":["caption quality"],"fullName":"caption quality asks something answerable","status":"passed","title":"asks something answerable","duration":2.965100000000348,"failureMessages":[],"meta":{},"tags":[]},{"ancestorTitles":["caption quality"],"fullName":"caption quality does not repeat one sentence across most of a month","status":"passed","title":"does not repeat one sentence across most of a month","duration":1.4912999999996828,"failureMessages":[],"meta":{},"tags":[]},{"ancestorTitles":["caption quality"],"fullName":"caption quality does not repeat a phrase inside a single caption","status":"passed","title":"does not repeat a phrase inside a single caption","duration":259.6948999999995,"failureMessages":[],"meta":{},"tags":[]},{"ancestorTitles":["caption quality"],"fullName":"caption quality does not open by asking the reader to photograph four things","status":"passed","title":"does not open by asking the reader to photograph four things","duration":1.8742999999994936,"failureMessages":[],"meta":{},"tags":[]},{"ancestorTitles":["caption quality"],"fullName":"caption quality keeps no filing label or boilerplate tail in the hook","status":"passed","title":"keeps no filing label or boilerplate tail in the hook","duration":4.130999999999403,"failureMessages":[],"meta":{},"tags":[]},{"ancestorTitles":["caption quality"],"fullName":"caption quality keeps one caption about one object","status":"passed","title":"keeps one caption about one object","duration":1.8369999999995343,"failureMessages":[],"meta":{},"tags":[]},{"ancestorTitles":["caption quality"],"fullName":"caption quality routes Instagram readers to a direct message, never to the profile link","status":"passed","title":"routes Instagram readers to a direct message, never to the profile link","duration":1.3834999999999127,"failureMessages":[],"meta":{},"tags":[]}],"startTime":1786984593676,"endTime":1786984593971.3835,"status":"passed","message":"","name":"C:/Users/cyc39/Documents/New project 5/test/captionQuality.test.ts"},{"assertionResults":[{"ancestorTitles":["carousel object passport"],"fullName":"carousel object passport locks 深色衣服 as a dark cotton tee and states that lock in the passport","status":"passed","title":"locks 深色衣服 as a dark cotton tee and states that lock in the passport","duration":4.106600000000071,"failureMessages":[],"meta":{},"tags":[]},{"ancestorTitles":["carousel object passport"],"fullName":"carousel object passport puts the full passport and same-garment sentence on slides 2-4","status":"passed","title":"puts the full passport and same-garment sentence on slides 2-4","duration":3.1345999999999776,"failureMessages":[],"meta":{},"tags":[]},{"ancestorTitles":["carousel object passport"],"fullName":"carousel object passport locks the same pink-mat counter and wall family on every slide","status":"passed","title":"locks the same pink-mat counter and wall family on every slide","duration":0.8283999999999878,"failureMessages":[],"meta":{},"tags":[]},{"ancestorTitles":["carousel narrative shots"],"fullName":"carousel narrative shots uses default closer / problem / after shots when the caption has no position list","status":"passed","title":"uses default closer / problem / after shots when the caption has no position list","duration":0.9220000000000255,"failureMessages":[],"meta":{},"tags":[]},{"ancestorTitles":["carousel narrative shots"],"fullName":"carousel narrative shots maps a numbered three-position caption onto slides 2-4 in order","status":"passed","title":"maps a numbered three-position caption onto slides 2-4 in order","duration":1.3928999999999405,"failureMessages":[],"meta":{},"tags":[]},{"ancestorTitles":["carousel narrative shots"],"fullName":"carousel narrative shots maps an enumerated 三個位置 list onto the three later slides","status":"passed","title":"maps an enumerated 三個位置 list onto the three later slides","duration":0.7726999999999862,"failureMessages":[],"meta":{},"tags":[]},{"ancestorTitles":["carousel continuity mutation proof"],"fullName":"carousel continuity mutation proof fails the same checker after the passport prefix is stripped","status":"passed","title":"fails the same checker after the passport prefix is stripped","duration":0.9580999999999449,"failureMessages":[],"meta":{},"tags":[]},{"ancestorTitles":["carousel continuity mutation proof"],"fullName":"carousel continuity mutation proof fails the same checker after the same-garment sentence is stripped","status":"passed","title":"fails the same checker after the same-garment sentence is stripped","duration":0.7051999999999907,"failureMessages":[],"meta":{},"tags":[]},{"ancestorTitles":["carousel continuity wiring through the daily builder"],"fullName":"carousel continuity wiring through the daily builder writes passport and same-garment into tomorrow's generated carousel_items","status":"passed","title":"writes passport and same-garment into tomorrow's generated carousel_items","duration":51.66489999999999,"failureMessages":[],"meta":{},"tags":[]}],"startTime":1786984588838,"endTime":1786984588903.6648,"status":"passed","message":"","name":"C:/Users/cyc39/Documents/New project 5/test/carouselContinuity.test.ts"},{"assertionResults":[{"ancestorTitles":["the concept cooldown"],"fullName":"the concept cooldown allows a concept whose last outing is exactly the cooldown away","status":"passed","title":"allows a concept whose last outing is exactly the cooldown away","duration":41.079900000000066,"failureMessages":[],"meta":{},"tags":[]},{"ancestorTitles":["the concept cooldown"],"fullName":"the concept cooldown refuses one used a day too recently","status":"passed","title":"refuses one used a day too recently","duration":12.29079999999999,"failureMessages":[],"meta":{},"tags":[]},{"ancestorTitles":["the concept cooldown"],"fullName":"the concept cooldown refuses yesterday's concept, which is what the rule is really for","status":"passed","title":"refuses yesterday's concept, which is what the rule is really for","duration":15.973600000000033,"failureMessages":[],"meta":{},"tags":[]}],"startTime":1786984590888,"endTime":1786984590957.9736,"status":"passed","message":"","name":"C:/Users/cyc39/Documents/New project 5/test/conceptCooldown.test.ts"},{"assertionResults":[{"ancestorTitles":["concept extensions"],"fullName":"concept extensions admits a valid batch and extends the schedule by one day","status":"passed","title":"admits a valid batch and extends the schedule by one day","duration":20.326599999999985,"failureMessages":[],"meta":{},"tags":[]},{"ancestorTitles":["concept extensions"],"fullName":"concept extensions rejects a narration that restates the hook","status":"passed","title":"rejects a narration that restates the hook","duration":9.632299999999987,"failureMessages":[],"meta":{},"tags":[]},{"ancestorTitles":["concept extensions"],"fullName":"concept extensions rejects a schedule gap and an id collision","status":"passed","title":"rejects a schedule gap and an id collision","duration":10.006399999999985,"failureMessages":[],"meta":{},"tags":[]},{"ancestorTitles":["concept extensions"],"fullName":"concept extensions treats a missing or corrupt file as no extensions at all","status":"passed","title":"treats a missing or corrupt file as no extensions at all","duration":7.2993999999999915,"failureMessages":[],"meta":{},"tags":[]}],"startTime":1786984590989,"endTime":1786984591036.2993,"status":"passed","message":"","name":"C:/Users/cyc39/Documents/New project 5/test/conceptExtensions.test.ts"},{"assertionResults":[{"ancestorTitles":["DailyContent schema"],"fullName":"DailyContent schema builds complete primary slots plus optional noon reel slot","status":"passed","title":"builds complete primary slots plus optional noon reel slot","duration":22.13799999999992,"failureMessages":[],"meta":{},"tags":[]},{"ancestorTitles":["DailyContent schema"],"fullName":"DailyContent schema uses the 90-day growth playbook for dates in the active plan","status":"passed","title":"uses the 90-day growth playbook for dates in the active plan","duration":16.2962,"failureMessages":[],"meta":{},"tags":[]},{"ancestorTitles":["DailyContent schema"],"fullName":"DailyContent schema keeps the 7/20 white-shirt guide as a real four-image carousel","status":"passed","title":"keeps the 7/20 white-shirt guide as a real four-image carousel","duration":12.203600000000051,"failureMessages":[],"meta":{},"tags":[]},{"ancestorTitles":["DailyContent schema"],"fullName":"DailyContent schema does not repeat planned topics across a 14-day content cycle","status":"passed","title":"does not repeat planned topics across a 14-day content cycle","duration":215.32110000000011,"failureMessages":[],"meta":{},"tags":[]},{"ancestorTitles":["DailyContent schema"],"fullName":"DailyContent schema turns new service search routes into natural customer-facing captions","status":"passed","title":"turns new service search routes into natural customer-facing captions","duration":2606.2211,"failureMessages":[],"meta":{},"tags":[]},{"ancestorTitles":["DailyContent schema"],"fullName":"DailyContent schema keeps all 180 planned FB and IG captions publishable","status":"passed","title":"keeps all 180 planned FB and IG captions publishable","duration":4514.0313,"failureMessages":[],"meta":{},"tags":[]}],"startTime":1786984583202,"endTime":1786984590589.0312,"status":"passed","message":"","name":"C:/Users/cyc39/Documents/New project 5/test/dailyContent.test.ts"},{"assertionResults":[{"ancestorTitles":["daily_progress ledger rewrite"],"fullName":"daily_progress ledger rewrite replaces only the rerun date and keeps a later date block","status":"passed","title":"replaces only the rerun date and keeps a later date block","duration":410.9162,"failureMessages":[],"meta":{},"tags":[]},{"ancestorTitles":["daily_progress null vs measured zero"],"fullName":"daily_progress null vs measured zero keeps an all-zero IG row as measured zero, not null","status":"passed","title":"keeps an all-zero IG row as measured zero, not null","duration":524.7935999999999,"failureMessages":[],"meta":{},"tags":[]},{"ancestorTitles":["daily_progress null vs measured zero"],"fullName":"daily_progress null vs measured zero treats missing slots and missing audited as null, not 0/false","status":"passed","title":"treats missing slots and missing audited as null, not 0/false","duration":685.3291000000002,"failureMessages":[],"meta":{},"tags":[]},{"ancestorTitles":["daily_progress writers"],"fullName":"daily_progress writers uses temp-plus-replace for ledger and JSON","status":"passed","title":"uses temp-plus-replace for ledger and JSON","duration":1.0435999999999694,"failureMessages":[],"meta":{},"tags":[]}],"startTime":1786984585174,"endTime":1786984586798.0437,"status":"passed","message":"","name":"C:/Users/cyc39/Documents/New project 5/test/dailyProgress.test.ts"},{"assertionResults":[{"ancestorTitles":["posted-log video sha inventory"],"fullName":"posted-log video sha inventory treats a missing sha as an empty window, not a fabricated hash","status":"passed","title":"treats a missing sha as an empty window, not a fabricated hash","duration":60.22530000000006,"failureMessages":[],"meta":{},"tags":[]},{"ancestorTitles":["posted-log video sha inventory"],"fullName":"posted-log video sha inventory lists only live aired reels that already carry video_sha256","status":"passed","title":"lists only live aired reels that already carry video_sha256","duration":23.723899999999958,"failureMessages":[],"meta":{},"tags":[]},{"ancestorTitles":["posted-log video sha inventory"],"fullName":"posted-log video sha inventory uses CONCEPT_COOLDOWN_DAYS as the inclusive recent window","status":"passed","title":"uses CONCEPT_COOLDOWN_DAYS as the inclusive recent window","duration":24.38020000000006,"failureMessages":[],"meta":{},"tags":[]},{"ancestorTitles":["posted-log video sha inventory"],"fullName":"posted-log video sha inventory does not treat a cover fallback or a dry run as an aired reel","status":"passed","title":"does not treat a cover fallback or a dry run as an aired reel","duration":1.016800000000103,"failureMessages":[],"meta":{},"tags":[]},{"ancestorTitles":["posted-log video sha inventory"],"fullName":"posted-log video sha inventory fills a historical posted-log hole from video-reviews when that date+slot actually aired (8/16 form)","status":"passed","title":"fills a historical posted-log hole from video-reviews when that date+slot actually aired (8/16 form)","duration":37.89319999999998,"failureMessages":[],"meta":{},"tags":[]},{"ancestorTitles":["posted-log video sha inventory"],"fullName":"posted-log video sha inventory does not list a reviewed file that never aired","status":"passed","title":"does not list a reviewed file that never aired","duration":20.95069999999987,"failureMessages":[],"meta":{},"tags":[]},{"ancestorTitles":["posted-log video sha inventory"],"fullName":"posted-log video sha inventory covers same-day different slot and uncertain status from the review sha","status":"passed","title":"covers same-day different slot and uncertain status from the review sha","duration":133.1331,"failureMessages":[],"meta":{},"tags":[]},{"ancestorTitles":["resolveSlotPublishMedia duplicate video gate"],"fullName":"resolveSlotPublishMedia duplicate video gate defers the same mp4 when only the caption changed","status":"passed","title":"defers the same mp4 when only the caption changed","duration":42.43260000000009,"failureMessages":[],"meta":{},"tags":[]},{"ancestorTitles":["resolveSlotPublishMedia duplicate video gate"],"fullName":"resolveSlotPublishMedia duplicate video gate lets the same mp4 through when history has no sha field","status":"passed","title":"lets the same mp4 through when history has no sha field","duration":25.744000000000142,"failureMessages":[],"meta":{},"tags":[]},{"ancestorTitles":["resolveSlotPublishMedia duplicate video gate"],"fullName":"resolveSlotPublishMedia duplicate video gate does not defer a new file just because the caption matches an old airing","status":"passed","title":"does not defer a new file just because the caption matches an old airing","duration":31.64720000000011,"failureMessages":[],"meta":{},"tags":[]},{"ancestorTitles":["resolveSlotPublishMedia duplicate video gate"],"fullName":"resolveSlotPublishMedia duplicate video gate still defers a match CONCEPT_COOLDOWN_DAYS - 1 days ago and allows one at the cooldown edge","status":"passed","title":"still defers a match CONCEPT_COOLDOWN_DAYS - 1 days ago and allows one at the cooldown edge","duration":351.0177000000001,"failureMessages":[],"meta":{},"tags":[]},{"ancestorTitles":["resolveSlotPublishMedia duplicate video gate"],"fullName":"resolveSlotPublishMedia duplicate video gate does not defer a retry of the same date and slot","status":"passed","title":"does not defer a retry of the same date and slot","duration":111.61729999999989,"failureMessages":[],"meta":{},"tags":[]},{"ancestorTitles":["resolveSlotPublishMedia duplicate video gate"],"fullName":"resolveSlotPublishMedia duplicate video gate defers when another slot on the same day already aired the file","status":"passed","title":"defers when another slot on the same day already aired the file","duration":82.06380000000036,"failureMessages":[],"meta":{},"tags":[]},{"ancestorTitles":["resolveSlotPublishMedia duplicate video gate"],"fullName":"resolveSlotPublishMedia duplicate video gate defers the 8/16 form: live posted-log without sha, review file supplies it","status":"passed","title":"defers the 8/16 form: live posted-log without sha, review file supplies it","duration":348.2388000000001,"failureMessages":[],"meta":{},"tags":[]},{"ancestorTitles":["resolveSlotPublishMedia duplicate video gate"],"fullName":"resolveSlotPublishMedia duplicate video gate does not defer a file that was reviewed but never aired","status":"passed","title":"does not defer a file that was reviewed but never aired","duration":134.28290000000015,"failureMessages":[],"meta":{},"tags":[]},{"ancestorTitles":["resolveSlotPublishMedia duplicate video gate"],"fullName":"resolveSlotPublishMedia duplicate video gate defers a same-day different slot and an uncertain airing filled from reviews","status":"passed","title":"defers a same-day different slot and an uncertain airing filled from reviews","duration":124.08220000000028,"failureMessages":[],"meta":{},"tags":[]},{"ancestorTitles":["postCurrentSlot never stops the slot on a duplicate video"],"fullName":"postCurrentSlot never stops the slot on a duplicate video publishes the cover and records VIDEO_DEFERRED instead of throwing","status":"passed","title":"publishes the cover and records VIDEO_DEFERRED instead of throwing","duration":236.8973000000001,"failureMessages":[],"meta":{},"tags":[]},{"ancestorTitles":["postCurrentSlot never stops the slot on a duplicate video"],"fullName":"postCurrentSlot never stops the slot on a duplicate video publishes the cover when dual video review is missing","status":"passed","title":"publishes the cover when dual video review is missing","duration":135.11640000000034,"failureMessages":[],"meta":{},"tags":[]},{"ancestorTitles":["postCurrentSlot never stops the slot on a duplicate video"],"fullName":"postCurrentSlot never stops the slot on a duplicate video publishes the cover when the 8/16 historical review sha matches","status":"passed","title":"publishes the cover when the 8/16 historical review sha matches","duration":418.7368999999999,"failureMessages":[],"meta":{},"tags":[]},{"ancestorTitles":["postCurrentSlot never stops the slot on a duplicate video"],"fullName":"postCurrentSlot never stops the slot on a duplicate video writes video_sha256 when a new reel actually publishes","status":"passed","title":"writes video_sha256 when a new reel actually publishes","duration":1087.2629000000002,"failureMessages":[],"meta":{},"tags":[]},{"ancestorTitles":["duplicate video gate wiring"],"fullName":"duplicate video gate wiring imports CONCEPT_COOLDOWN_DAYS and does not keep a second window number","status":"passed","title":"imports CONCEPT_COOLDOWN_DAYS and does not keep a second window number","duration":3.647399999999834,"failureMessages":[],"meta":{},"tags":[]}],"startTime":1786984583434,"endTime":1786984586873.6475,"status":"passed","message":"","name":"C:/Users/cyc39/Documents/New project 5/test/duplicateVideoGate.test.ts"},{"assertionResults":[{"ancestorTitles":["paused evening slot uses playbook 圖文, not a legacy reel"],"fullName":"paused evening slot uses playbook 圖文, not a legacy reel rebuilds 2026-08-18 slot 2 as 圖文 with a shop-scene prompt that misses the 15-day window","status":"passed","title":"rebuilds 2026-08-18 slot 2 as 圖文 with a shop-scene prompt that misses the 15-day window","duration":778.0460999999999,"failureMessages":[],"meta":{},"tags":[]},{"ancestorTitles":["paused evening slot uses playbook 圖文, not a legacy reel"],"fullName":"paused evening slot uses playbook 圖文, not a legacy reel does not treat an unpaused evening as 圖文 just because the playbook can emit one","status":"passed","title":"does not treat an unpaused evening as 圖文 just because the playbook can emit one","duration":191.63120000000004,"failureMessages":[],"meta":{},"tags":[]},{"ancestorTitles":["paused evening slot uses playbook 圖文, not a legacy reel"],"fullName":"paused evening slot uses playbook 圖文, not a legacy reel swaps a paused-evening topic that already sits inside the 15-day window","status":"passed","title":"swaps a paused-evening topic that already sits inside the 15-day window","duration":30.94860000000017,"failureMessages":[],"meta":{},"tags":[]},{"ancestorTitles":["reel cover manifest is a copy or a shop-scene generation"],"fullName":"reel cover manifest is a copy or a shop-scene generation records the before-still path instead of a bare subject prompt","status":"passed","title":"records the before-still path instead of a bare subject prompt","duration":1.3993000000000393,"failureMessages":[],"meta":{},"tags":[]},{"ancestorTitles":["reel cover manifest is a copy or a shop-scene generation"],"fullName":"reel cover manifest is a copy or a shop-scene generation wraps a generated cover in SHARED_STILL_PROMPT when no before still exists","status":"passed","title":"wraps a generated cover in SHARED_STILL_PROMPT when no before still exists","duration":0.7726000000000113,"failureMessages":[],"meta":{},"tags":[]},{"ancestorTitles":["reel cover manifest is a copy or a shop-scene generation"],"fullName":"reel cover manifest is a copy or a shop-scene generation writes that source onto the live manifest when the before still is present","status":"passed","title":"writes that source onto the live manifest when the before still is present","duration":1118.8418,"failureMessages":[],"meta":{},"tags":[]}],"startTime":1786984585988,"endTime":1786984588111.8418,"status":"passed","message":"","name":"C:/Users/cyc39/Documents/New project 5/test/eveningPausedSlot.test.ts"},{"assertionResults":[{"ancestorTitles":["Facebook post insights client"],"fullName":"Facebook post insights client collects current view metrics and engagement summaries without exposing the token in URLs","status":"passed","title":"collects current view metrics and engagement summaries without exposing the token in URLs","duration":141.3542,"failureMessages":[],"meta":{},"tags":[]},{"ancestorTitles":["Facebook post insights client"],"fullName":"Facebook post insights client preserves empty Meta insight data as null instead of zero","status":"passed","title":"preserves empty Meta insight data as null instead of zero","duration":76.79539999999997,"failureMessages":[],"meta":{},"tags":[]},{"ancestorTitles":["Facebook post insights client"],"fullName":"Facebook post insights client writes reports to the Facebook insights directory","status":"passed","title":"writes reports to the Facebook insights directory","duration":4.102700000000027,"failureMessages":[],"meta":{},"tags":[]}],"startTime":1786984585086,"endTime":1786984585309.1028,"status":"passed","message":"","name":"C:/Users/cyc39/Documents/New project 5/test/facebookInsights.test.ts"},{"assertionResults":[{"ancestorTitles":["unattended approval fails closed"],"fullName":"unattended approval fails closed refuses a day with no publishing policy and writes no approval record","status":"passed","title":"refuses a day with no publishing policy and writes no approval record","duration":561.1154999999999,"failureMessages":[],"meta":{},"tags":[]},{"ancestorTitles":["unattended approval fails closed"],"fullName":"unattended approval fails closed approves the healthy slot when only the other slot is broken","status":"passed","title":"approves the healthy slot when only the other slot is broken","duration":1399.5847,"failureMessages":[],"meta":{},"tags":[]},{"ancestorTitles":["scheduling a reel"],"fullName":"scheduling a reel stops on a missing reel file before writing anything","status":"passed","title":"stops on a missing reel file before writing anything","duration":37.033300000000054,"failureMessages":[],"meta":{},"tags":[]},{"ancestorTitles":["scheduling a reel"],"fullName":"scheduling a reel rejects an unknown concept by name","status":"passed","title":"rejects an unknown concept by name","duration":21.834699999999884,"failureMessages":[],"meta":{},"tags":[]}],"startTime":1786984589716,"endTime":1786984591736.8347,"status":"passed","message":"","name":"C:/Users/cyc39/Documents/New project 5/test/failClosed.test.ts"},{"assertionResults":[{"ancestorTitles":["commentTextFor utm wiring"],"fullName":"commentTextFor utm wiring 輸出含 utm 三件組;拔注入 → 紅","status":"passed","title":"輸出含 utm 三件組;拔注入 → 紅","duration":4.345699999999965,"failureMessages":[],"meta":{},"tags":[]},{"ancestorTitles":["firstComment LINE source stays ig-comment"],"fullName":"firstComment LINE source stays ig-comment 頭香維持 /go/line.html?source=ig-comment,不得改成 source=post","status":"passed","title":"頭香維持 /go/line.html?source=ig-comment,不得改成 source=post","duration":0.9711999999999534,"failureMessages":[],"meta":{},"tags":[]}],"startTime":1786984592678,"endTime":1786984592683.9712,"status":"passed","message":"","name":"C:/Users/cyc39/Documents/New project 5/test/firstComment.test.ts"},{"assertionResults":[{"ancestorTitles":["ga4 line_click reader"],"fullName":"ga4 line_click reader refuses to report zero when the read side is not configured","status":"passed","title":"refuses to report zero when the read side is not configured","duration":14.019800000000032,"failureMessages":[],"meta":{},"tags":[]},{"ancestorTitles":["ga4 line_click reader"],"fullName":"ga4 line_click reader marks the ledger day unmeasured rather than writing zeros","status":"passed","title":"marks the ledger day unmeasured rather than writing zeros","duration":9.821900000000028,"failureMessages":[],"meta":{},"tags":[]},{"ancestorTitles":["ga4 line_click reader"],"fullName":"ga4 line_click reader breaks a configured day down by source, largest first","status":"passed","title":"breaks a configured day down by source, largest first","duration":173.17719999999997,"failureMessages":[],"meta":{},"tags":[]},{"ancestorTitles":["ga4 line_click reader"],"fullName":"ga4 line_click reader records a measured day into the ledger and says so","status":"passed","title":"records a measured day into the ledger and says so","duration":250.4643000000001,"failureMessages":[],"meta":{},"tags":[]},{"ancestorTitles":["ga4 line_click reader"],"fullName":"ga4 line_click reader treats an API error as unmeasured, not as zero clicks","status":"passed","title":"treats an API error as unmeasured, not as zero clicks","duration":169.56760000000008,"failureMessages":[],"meta":{},"tags":[]}],"startTime":1786984590078,"endTime":1786984590695.5676,"status":"passed","message":"","name":"C:/Users/cyc39/Documents/New project 5/test/ga4Report.test.ts"},{"assertionResults":[{"ancestorTitles":["GBP weekly post"],"fullName":"GBP weekly post 組稿含 gbp utm 三件組、公開 https 媒體、summary 不超過 API 上限","status":"passed","title":"組稿含 gbp utm 三件組、公開 https 媒體、summary 不超過 API 上限","duration":46.06400000000008,"failureMessages":[],"meta":{},"tags":[]},{"ancestorTitles":["GBP weekly post"],"fullName":"GBP weekly post 有 engagement 數據時選最高者，而不是最新一則","status":"passed","title":"有 engagement 數據時選最高者，而不是最新一則","duration":33.76060000000007,"failureMessages":[],"meta":{},"tags":[]},{"ancestorTitles":["GBP weekly post"],"fullName":"GBP weekly post 無 engagement 數據時改取最新已發 slot","status":"passed","title":"無 engagement 數據時改取最新已發 slot","duration":20.034999999999968,"failureMessages":[],"meta":{},"tags":[]},{"ancestorTitles":["GBP weekly post"],"fullName":"GBP weekly post dry-run 寫出完整 payload + 預覽，且不呼叫 fetch","status":"passed","title":"dry-run 寫出完整 payload + 預覽，且不呼叫 fetch","duration":32.79880000000003,"failureMessages":[],"meta":{},"tags":[]},{"ancestorTitles":["GBP weekly post"],"fullName":"GBP weekly post CLI 預設乾跑；--publish 才走實發","status":"passed","title":"CLI 預設乾跑；--publish 才走實發","duration":6.954500000000053,"failureMessages":[],"meta":{},"tags":[]},{"ancestorTitles":["mutation 1: 拔 utm → 紅"],"fullName":"mutation 1: 拔 utm → 紅 組稿 CTA 必須等於 utmTagged(source=gbp)；拔掉三件組後同一斷言為假","status":"passed","title":"組稿 CTA 必須等於 utmTagged(source=gbp)；拔掉三件組後同一斷言為假","duration":1.7853000000000065,"failureMessages":[],"meta":{},"tags":[]},{"ancestorTitles":["mutation 2: summary 超長不截 → 紅"],"fullName":"mutation 2: summary 超長不截 → 紅 超過 1500 的正文必須截到上限並保住 CTA；不截的原文會超過上限","status":"passed","title":"超過 1500 的正文必須截到上限並保住 CTA；不截的原文會超過上限","duration":1.0965999999999667,"failureMessages":[],"meta":{},"tags":[]},{"ancestorTitles":["mutation 3: 缺 GBP_ACCOUNT_ID 時 --publish 不得默默成功"],"fullName":"mutation 3: 缺 GBP_ACCOUNT_ID 時 --publish 不得默默成功 --publish 缺 GBP_ACCOUNT_ID 必須丟錯，且不得打 API","status":"passed","title":"--publish 缺 GBP_ACCOUNT_ID 必須丟錯，且不得打 API","duration":18.601800000000026,"failureMessages":[],"meta":{},"tags":[]},{"ancestorTitles":["gbpAuth 429/401 分類"],"fullName":"gbpAuth 429/401 分類 429 → rate_limited；401 → unauthorized；回包裡的 token 不得進錯誤字串","status":"passed","title":"429 → rate_limited；401 → unauthorized；回包裡的 token 不得進錯誤字串","duration":123.38329999999996,"failureMessages":[],"meta":{},"tags":[]},{"ancestorTitles":["gbpAuth 429/401 分類"],"fullName":"gbpAuth 429/401 分類 缺 refresh token 明確報缺，不打 token endpoint","status":"passed","title":"缺 refresh token 明確報缺，不打 token endpoint","duration":6.253400000000056,"failureMessages":[],"meta":{},"tags":[]}],"startTime":1786984589887,"endTime":1786984590180.2534,"status":"passed","message":"","name":"C:/Users/cyc39/Documents/New project 5/test/gbpPost.test.ts"},{"assertionResults":[{"ancestorTitles":["generate-missing-images inventory"],"fullName":"generate-missing-images inventory judges completeness from generate-image-manifest --list-missing, not a self-scan of the manifest","status":"passed","title":"judges completeness from generate-image-manifest --list-missing, not a self-scan of the manifest","duration":19.43870000000004,"failureMessages":[],"meta":{},"tags":[]},{"ancestorTitles":["generate-missing-images inventory"],"fullName":"generate-missing-images inventory runs carousel QA for already-complete slots and on -QaOnly","status":"passed","title":"runs carousel QA for already-complete slots and on -QaOnly","duration":2.7835000000000036,"failureMessages":[],"meta":{},"tags":[]}],"startTime":1786984591522,"endTime":1786984591544.7834,"status":"passed","message":"","name":"C:/Users/cyc39/Documents/New project 5/test/generateMissingImages.test.ts"},{"assertionResults":[{"ancestorTitles":["loadGenerationAuthorization fails closed"],"fullName":"loadGenerationAuthorization fails closed refuses when data/publishing-policy.json does not exist","status":"passed","title":"refuses when data/publishing-policy.json does not exist","duration":8.468499999999949,"failureMessages":[],"meta":{},"tags":[]},{"ancestorTitles":["loadGenerationAuthorization fails closed"],"fullName":"loadGenerationAuthorization fails closed refuses when the policy file is unreadable JSON","status":"passed","title":"refuses when the policy file is unreadable JSON","duration":13.626300000000015,"failureMessages":[],"meta":{},"tags":[]},{"ancestorTitles":["loadGenerationAuthorization fails closed"],"fullName":"loadGenerationAuthorization fails closed refuses the live policy shape that has no paid_video_budget block","status":"passed","title":"refuses the live policy shape that has no paid_video_budget block","duration":7.273000000000025,"failureMessages":[],"meta":{},"tags":[]},{"ancestorTitles":["loadGenerationAuthorization fails closed"],"fullName":"loadGenerationAuthorization fails closed refuses while the brake is tripped","status":"passed","title":"refuses while the brake is tripped","duration":14.013699999999972,"failureMessages":[],"meta":{},"tags":[]},{"ancestorTitles":["loadGenerationAuthorization fails closed"],"fullName":"loadGenerationAuthorization fails closed treats a missing tripped field as tripped, not as clear","status":"passed","title":"treats a missing tripped field as tripped, not as clear","duration":6.959799999999973,"failureMessages":[],"meta":{},"tags":[]},{"ancestorTitles":["loadGenerationAuthorization fails closed"],"fullName":"loadGenerationAuthorization fails closed refuses an anonymous grant","status":"passed","title":"refuses an anonymous grant","duration":7.741399999999999,"failureMessages":[],"meta":{},"tags":[]},{"ancestorTitles":["loadGenerationAuthorization fails closed"],"fullName":"loadGenerationAuthorization fails closed refuses a date after the grant expires","status":"passed","title":"refuses a date after the grant expires","duration":8.344600000000014,"failureMessages":[],"meta":{},"tags":[]},{"ancestorTitles":["loadGenerationAuthorization fails closed"],"fullName":"loadGenerationAuthorization fails closed refuses a grant with no expiry at all","status":"passed","title":"refuses a grant with no expiry at all","duration":8.020800000000008,"failureMessages":[],"meta":{},"tags":[]},{"ancestorTitles":["loadGenerationAuthorization fails closed"],"fullName":"loadGenerationAuthorization fails closed refuses a date before the grant was given","status":"passed","title":"refuses a date before the grant was given","duration":7.601400000000012,"failureMessages":[],"meta":{},"tags":[]},{"ancestorTitles":["loadGenerationAuthorization fails closed"],"fullName":"loadGenerationAuthorization fails closed refuses a zero-call budget","status":"passed","title":"refuses a zero-call budget","duration":7.628000000000043,"failureMessages":[],"meta":{},"tags":[]},{"ancestorTitles":["loadGenerationAuthorization fails closed"],"fullName":"loadGenerationAuthorization fails closed authorizes a complete, untripped, unexpired grant","status":"passed","title":"authorizes a complete, untripped, unexpired grant","duration":7.378799999999956,"failureMessages":[],"meta":{},"tags":[]},{"ancestorTitles":["the ledger spends the budget"],"fullName":"the ledger spends the budget counts a completed call as its start and end lines","status":"passed","title":"counts a completed call as its start and end lines","duration":10.548099999999977,"failureMessages":[],"meta":{},"tags":[]},{"ancestorTitles":["the ledger spends the budget"],"fullName":"the ledger spends the budget counts a crashed call (start line only) as spent budget","status":"passed","title":"counts a crashed call (start line only) as spent budget","duration":11.414300000000026,"failureMessages":[],"meta":{},"tags":[]},{"ancestorTitles":["the ledger spends the budget"],"fullName":"the ledger spends the budget refuses once the ledger reaches max_calls","status":"passed","title":"refuses once the ledger reaches max_calls","duration":8.275699999999915,"failureMessages":[],"meta":{},"tags":[]},{"ancestorTitles":["the video candidate manifest publishes the read, not an assertion"],"fullName":"the video candidate manifest publishes the read, not an assertion marks every item blocked when no budget grant exists","status":"passed","title":"marks every item blocked when no budget grant exists","duration":263.9284999999999,"failureMessages":[],"meta":{},"tags":[]},{"ancestorTitles":["the video candidate manifest publishes the read, not an assertion"],"fullName":"the video candidate manifest publishes the read, not an assertion marks every item generation_ready under a valid grant","status":"passed","title":"marks every item generation_ready under a valid grant","duration":166.56889999999999,"failureMessages":[],"meta":{},"tags":[]},{"ancestorTitles":["the video candidate manifest publishes the read, not an assertion"],"fullName":"the video candidate manifest publishes the read, not an assertion flips the same day from ready to blocked when the brake trips","status":"passed","title":"flips the same day from ready to blocked when the brake trips","duration":208.50890000000004,"failureMessages":[],"meta":{},"tags":[]}],"startTime":1786984587231,"endTime":1786984587998.5088,"status":"passed","message":"","name":"C:/Users/cyc39/Documents/New project 5/test/generationAuthorization.test.ts"},{"assertionResults":[{"ancestorTitles":["GitHub Pages URL builder"],"fullName":"GitHub Pages URL builder maps docs assets to the public Pages root","status":"passed","title":"maps docs assets to the public Pages root","duration":3.236599999999953,"failureMessages":[],"meta":{},"tags":[]},{"ancestorTitles":["GitHub Pages URL builder"],"fullName":"GitHub Pages URL builder maps Reel assets to a public MP4 URL","status":"passed","title":"maps Reel assets to a public MP4 URL","duration":0.6870000000000118,"failureMessages":[],"meta":{},"tags":[]},{"ancestorTitles":["GitHub Pages URL builder"],"fullName":"GitHub Pages URL builder maps carousel slides without changing the legacy cover URL","status":"passed","title":"maps carousel slides without changing the legacy cover URL","duration":0.5258000000000038,"failureMessages":[],"meta":{},"tags":[]},{"ancestorTitles":["GitHub Pages URL builder"],"fullName":"GitHub Pages URL builder accepts both Netlify root domains and GitHub Pages path domains as public bases","status":"passed","title":"accepts both Netlify root domains and GitHub Pages path domains as public bases","duration":0.6007000000000744,"failureMessages":[],"meta":{},"tags":[]}],"startTime":1786984592322,"endTime":1786984592327.6006,"status":"passed","message":"","name":"C:/Users/cyc39/Documents/New project 5/test/githubPages.test.ts"},{"assertionResults":[{"ancestorTitles":["official Grok video workflow"],"fullName":"official Grok video workflow builds the official 10-second 720p vertical request","status":"passed","title":"builds the official 10-second 720p vertical request","duration":3.7291000000000167,"failureMessages":[],"meta":{},"tags":[]},{"ancestorTitles":["official Grok video workflow"],"fullName":"official Grok video workflow requires explicit paid billing acknowledgement before any API call","status":"passed","title":"requires explicit paid billing acknowledgement before any API call","duration":129.5010000000001,"failureMessages":[],"meta":{},"tags":[]},{"ancestorTitles":["official Grok video workflow"],"fullName":"official Grok video workflow reuses a trusted project env without copying or exposing its xAI key","status":"passed","title":"reuses a trusted project env without copying or exposing its xAI key","duration":12.825300000000084,"failureMessages":[],"meta":{},"tags":[]},{"ancestorTitles":["official Grok video workflow"],"fullName":"official Grok video workflow accepts normalized Meta Reel metadata and rejects wrong aspect ratios","status":"passed","title":"accepts normalized Meta Reel metadata and rejects wrong aspect ratios","duration":1.1011000000000877,"failureMessages":[],"meta":{},"tags":[]}],"startTime":1786984589789,"endTime":1786984589936.101,"status":"passed","message":"","name":"C:/Users/cyc39/Documents/New project 5/test/grokVideo.test.ts"},{"assertionResults":[{"ancestorTitles":["growth playbook"],"fullName":"growth playbook builds a continuous 90-day, 2-slot plan with required growth fields","status":"passed","title":"builds a continuous 90-day, 2-slot plan with required growth fields","duration":187.72140000000002,"failureMessages":[],"meta":{},"tags":[]},{"ancestorTitles":["growth playbook"],"fullName":"growth playbook enforces one reach-answer and one evidence-conversion role on every day","status":"passed","title":"enforces one reach-answer and one evidence-conversion role on every day","duration":8.084899999999948,"failureMessages":[],"meta":{},"tags":[]},{"ancestorTitles":["growth playbook"],"fullName":"growth playbook adds the unpublished four-image plus companion-video package from 2026-07-29 onward","status":"passed","title":"adds the unpublished four-image plus companion-video package from 2026-07-29 onward","duration":24.136799999999994,"failureMessages":[],"meta":{},"tags":[]},{"ancestorTitles":["growth playbook"],"fullName":"growth playbook keeps planned topics unique per slot across 90 days","status":"passed","title":"keeps planned topics unique per slot across 90 days","duration":3.0357999999999947,"failureMessages":[],"meta":{},"tags":[]},{"ancestorTitles":["growth playbook"],"fullName":"growth playbook does not concentrate both daily slots on the same service after the locked opening dates","status":"passed","title":"does not concentrate both daily slots on the same service after the locked opening dates","duration":4.696399999999926,"failureMessages":[],"meta":{},"tags":[]},{"ancestorTitles":["growth playbook"],"fullName":"growth playbook keeps final targets within reach of the measured rate and includes major poster nodes","status":"passed","title":"keeps final targets within reach of the measured rate and includes major poster nodes","duration":2.854000000000042,"failureMessages":[],"meta":{},"tags":[]},{"ancestorTitles":["growth playbook"],"fullName":"growth playbook keeps the first four scheduled days stable while adding all new service search routes","status":"passed","title":"keeps the first four scheduled days stable while adding all new service search routes","duration":3.51279999999997,"failureMessages":[],"meta":{},"tags":[]}],"startTime":1786984587926,"endTime":1786984588160.5127,"status":"passed","message":"","name":"C:/Users/cyc39/Documents/New project 5/test/growthPlaybook.test.ts"},{"assertionResults":[{"ancestorTitles":["GSC performance analysis"],"fullName":"GSC performance analysis parses strict quoted CSV and preserves empty values separately from zero","status":"passed","title":"parses strict quoted CSV and preserves empty values separately from zero","duration":8.515699999999924,"failureMessages":[],"meta":{},"tags":[]},{"ancestorTitles":["GSC performance analysis"],"fullName":"GSC performance analysis blocks page-edit recommendations until query and page share the same row","status":"passed","title":"blocks page-edit recommendations until query and page share the same row","duration":25.527300000000082,"failureMessages":[],"meta":{},"tags":[]},{"ancestorTitles":["GSC performance analysis"],"fullName":"GSC performance analysis uses paired rows, canonical URLs, and service clusters for bounded recommendations","status":"passed","title":"uses paired rows, canonical URLs, and service clusters for bounded recommendations","duration":3.3883999999999332,"failureMessages":[],"meta":{},"tags":[]},{"ancestorTitles":["GSC performance analysis"],"fullName":"GSC performance analysis requires a full seven-day observation window after a page change","status":"passed","title":"requires a full seven-day observation window after a page change","duration":1.963700000000017,"failureMessages":[],"meta":{},"tags":[]},{"ancestorTitles":["GSC performance analysis"],"fullName":"GSC performance analysis classifies brand and each requested laundry service separately","status":"passed","title":"classifies brand and each requested laundry service separately","duration":0.9349000000000842,"failureMessages":[],"meta":{},"tags":[]},{"ancestorTitles":["GSC performance analysis"],"fullName":"GSC performance analysis fails closed on impossible missing metrics","status":"passed","title":"fails closed on impossible missing metrics","duration":1.0170000000000528,"failureMessages":[],"meta":{},"tags":[]},{"ancestorTitles":["GSC performance analysis"],"fullName":"GSC performance analysis fails closed on impossible clicks exceed impressions metrics","status":"passed","title":"fails closed on impossible clicks exceed impressions metrics","duration":0.5803000000000793,"failureMessages":[],"meta":{},"tags":[]},{"ancestorTitles":["GSC performance analysis"],"fullName":"GSC performance analysis fails closed on impossible CTR exceeds 100 metrics","status":"passed","title":"fails closed on impossible CTR exceeds 100 metrics","duration":0.6222000000000207,"failureMessages":[],"meta":{},"tags":[]},{"ancestorTitles":["GSC performance analysis"],"fullName":"GSC performance analysis fails closed on impossible position zero metrics","status":"passed","title":"fails closed on impossible position zero metrics","duration":0.513300000000072,"failureMessages":[],"meta":{},"tags":[]},{"ancestorTitles":["GSC performance analysis"],"fullName":"GSC performance analysis fails closed on impossible inconsistent CTR metrics","status":"passed","title":"fails closed on impossible inconsistent CTR metrics","duration":0.5736000000000558,"failureMessages":[],"meta":{},"tags":[]},{"ancestorTitles":["GSC performance analysis"],"fullName":"GSC performance analysis fails closed on malformed headers, rows, duplicate filters, and canonical cycles","status":"passed","title":"fails closed on malformed headers, rows, duplicate filters, and canonical cycles","duration":1.2174000000001115,"failureMessages":[],"meta":{},"tags":[]},{"ancestorTitles":["GSC performance analysis"],"fullName":"GSC performance analysis fails closed on empty query/page exports and treats an empty paired export as unavailable","status":"passed","title":"fails closed on empty query/page exports and treats an empty paired export as unavailable","duration":1.136600000000044,"failureMessages":[],"meta":{},"tags":[]},{"ancestorTitles":["GSC performance analysis"],"fullName":"GSC performance analysis reads the export directory and writes the versioned report through the CLI","status":"passed","title":"reads the export directory and writes the versioned report through the CLI","duration":153.52970000000005,"failureMessages":[],"meta":{},"tags":[]}],"startTime":1786984589934,"endTime":1786984590133.5298,"status":"passed","message":"","name":"C:/Users/cyc39/Documents/New project 5/test/gscPerformance.test.ts"},{"assertionResults":[{"ancestorTitles":["healOneSlot respects invalidate refusals"],"fullName":"healOneSlot respects invalidate refusals keeps reading the invalidate report so dropping that read turns the suite red","status":"passed","title":"keeps reading the invalidate report so dropping that read turns the suite red","duration":20.11959999999999,"failureMessages":[],"meta":{},"tags":[]},{"ancestorTitles":["healOneSlot respects invalidate refusals"],"fullName":"healOneSlot respects invalidate refusals stops on approved-log and writes nothing","status":"passed","title":"stops on approved-log and writes nothing","duration":144.29150000000004,"failureMessages":[],"meta":{},"tags":[]},{"ancestorTitles":["healOneSlot respects invalidate refusals"],"fullName":"healOneSlot respects invalidate refusals stops on posted-log and writes nothing","status":"passed","title":"stops on posted-log and writes nothing","duration":318.70589999999993,"failureMessages":[],"meta":{},"tags":[]},{"ancestorTitles":["healOneSlot respects invalidate refusals"],"fullName":"healOneSlot respects invalidate refusals stops on day-lock and writes nothing","status":"passed","title":"stops on day-lock and writes nothing","duration":138.3116,"failureMessages":[],"meta":{},"tags":[]},{"ancestorTitles":["healOneSlot respects invalidate refusals"],"fullName":"healOneSlot respects invalidate refusals stops on protected-reel and writes nothing","status":"passed","title":"stops on protected-reel and writes nothing","duration":77.81870000000004,"failureMessages":[],"meta":{},"tags":[]},{"ancestorTitles":["healOneSlot respects invalidate refusals"],"fullName":"healOneSlot respects invalidate refusals stops on A1-refusal and writes nothing","status":"passed","title":"stops on A1-refusal and writes nothing","duration":61.96109999999999,"failureMessages":[],"meta":{},"tags":[]},{"ancestorTitles":["prefix-only Reel topic uses topicIdentity"],"fullName":"prefix-only Reel topic uses topicIdentity treats a canonical prefix on an otherwise matching Reel as already matched","status":"passed","title":"treats a canonical prefix on an otherwise matching Reel as already matched","duration":794.7611999999999,"failureMessages":[],"meta":{},"tags":[]},{"ancestorTitles":["2026-08-17 daily-approve includes heal-reel-slot in order"],"fullName":"2026-08-17 daily-approve includes heal-reel-slot in order runs day-lock heal, then heal-reel-slot, then auto-approve","status":"passed","title":"runs day-lock heal, then heal-reel-slot, then auto-approve","duration":490.0459000000001,"failureMessages":[],"meta":{},"tags":[]}],"startTime":1786984583572,"endTime":1786984585619.046,"status":"passed","message":"","name":"C:/Users/cyc39/Documents/New project 5/test/healRespectsRefusal.test.ts"},{"assertionResults":[{"ancestorTitles":["image prompt realism"],"fullName":"image prompt realism asks for honest wear on every freshly built prompt","status":"passed","title":"asks for honest wear on every freshly built prompt","duration":1055.9234,"failureMessages":[],"meta":{},"tags":[]},{"ancestorTitles":["image prompt realism"],"fullName":"image prompt realism rewrites the retired boutique styling out of stored calendar prompts","status":"passed","title":"rewrites the retired boutique styling out of stored calendar prompts","duration":0.8782000000001062,"failureMessages":[],"meta":{},"tags":[]},{"ancestorTitles":["image prompt realism"],"fullName":"image prompt realism leaves already-clean prompts alone","status":"passed","title":"leaves already-clean prompts alone","duration":1.2761999999997897,"failureMessages":[],"meta":{},"tags":[]}],"startTime":1786984583316,"endTime":1786984584374.2761,"status":"passed","message":"","name":"C:/Users/cyc39/Documents/New project 5/test/imagePromptRealism.test.ts"},{"assertionResults":[{"ancestorTitles":["C2PA manifest detection"],"fullName":"C2PA manifest detection reports the manifest size when the image model left its provenance behind","status":"passed","title":"reports the manifest size when the image model left its provenance behind","duration":3.5576999999999543,"failureMessages":[],"meta":{},"tags":[]},{"ancestorTitles":["C2PA manifest detection"],"fullName":"C2PA manifest detection reports nothing once a re-encode has dropped the manifest","status":"passed","title":"reports nothing once a re-encode has dropped the manifest","duration":0.7384999999999309,"failureMessages":[],"meta":{},"tags":[]},{"ancestorTitles":["C2PA manifest detection"],"fullName":"C2PA manifest detection stops at IEND rather than reading trailing bytes as chunks","status":"passed","title":"stops at IEND rather than reading trailing bytes as chunks","duration":0.572400000000016,"failureMessages":[],"meta":{},"tags":[]},{"ancestorTitles":["C2PA manifest detection"],"fullName":"C2PA manifest detection ignores a file that is not a PNG","status":"passed","title":"ignores a file that is not a PNG","duration":0.38800000000003365,"failureMessages":[],"meta":{},"tags":[]}],"startTime":1786984592869,"endTime":1786984592874.388,"status":"passed","message":"","name":"C:/Users/cyc39/Documents/New project 5/test/imageProvenance.test.ts"},{"assertionResults":[{"ancestorTitles":["the stamp each image file carries"],"fullName":"the stamp each image file carries is written by the real marking command, with topic and both hashes","status":"passed","title":"is written by the real marking command, with topic and both hashes","duration":294.0320999999999,"failureMessages":[],"meta":{},"tags":[]},{"ancestorTitles":["the stamp each image file carries"],"fullName":"the stamp each image file carries approves a day where everything agrees","status":"passed","title":"approves a day where everything agrees","duration":296.3880999999999,"failureMessages":[],"meta":{},"tags":[]},{"ancestorTitles":["the stamp each image file carries"],"fullName":"the stamp each image file carries refuses to re-stamp a file whose bytes have not changed","status":"passed","title":"refuses to re-stamp a file whose bytes have not changed","duration":118.19050000000016,"failureMessages":[],"meta":{},"tags":[]},{"ancestorTitles":["what the approval gate refuses"],"fullName":"what the approval gate refuses approves when only the TOPIC_LABEL_PREFIXES label differs","status":"passed","title":"approves when only the TOPIC_LABEL_PREFIXES label differs","duration":243.13590000000022,"failureMessages":[],"meta":{},"tags":[]},{"ancestorTitles":["what the approval gate refuses"],"fullName":"what the approval gate refuses still blocks when the object word changes under the same prefix","status":"passed","title":"still blocks when the object word changes under the same prefix","duration":307.6415000000002,"failureMessages":[],"meta":{},"tags":[]},{"ancestorTitles":["what the approval gate refuses"],"fullName":"what the approval gate refuses imports topicIdentity from generateImage instead of comparing raw topic text","status":"passed","title":"imports topicIdentity from generateImage instead of comparing raw topic text","duration":143.92030000000022,"failureMessages":[],"meta":{},"tags":[]},{"ancestorTitles":["what the approval gate refuses"],"fullName":"what the approval gate refuses blocks when a stamp names a different topic than the caption","status":"passed","title":"blocks when a stamp names a different topic than the caption","duration":232.08069999999998,"failureMessages":[],"meta":{},"tags":[]},{"ancestorTitles":["what the approval gate refuses"],"fullName":"what the approval gate refuses blocks when a stamp carries no topic, because agreement is then unproven","status":"passed","title":"blocks when a stamp carries no topic, because agreement is then unproven","duration":286.82569999999987,"failureMessages":[],"meta":{},"tags":[]},{"ancestorTitles":["what the approval gate refuses"],"fullName":"what the approval gate refuses blocks when the manifest agrees but the file's own stamp does not","status":"passed","title":"blocks when the manifest agrees but the file's own stamp does not","duration":254.90430000000015,"failureMessages":[],"meta":{},"tags":[]},{"ancestorTitles":["what the approval gate refuses"],"fullName":"what the approval gate refuses blocks when the image was swapped after it was stamped","status":"passed","title":"blocks when the image was swapped after it was stamped","duration":257.1217999999999,"failureMessages":[],"meta":{},"tags":[]},{"ancestorTitles":["what the approval gate refuses"],"fullName":"what the approval gate refuses blocks when the prompt changed but the image was never regenerated","status":"passed","title":"blocks when the prompt changed but the image was never regenerated","duration":557.0115999999998,"failureMessages":[],"meta":{},"tags":[]},{"ancestorTitles":["what the approval gate refuses"],"fullName":"what the approval gate refuses blocks a non-first slot too","status":"passed","title":"blocks a non-first slot too","duration":435.8065999999999,"failureMessages":[],"meta":{},"tags":[]},{"ancestorTitles":["what the approval gate refuses"],"fullName":"what the approval gate refuses names the one polluted slide of a carousel, not just the first","status":"passed","title":"names the one polluted slide of a carousel, not just the first","duration":408.42189999999937,"failureMessages":[],"meta":{},"tags":[]},{"ancestorTitles":["what the approval gate refuses"],"fullName":"what the approval gate refuses blocks when a record is filed under the wrong slot","status":"passed","title":"blocks when a record is filed under the wrong slot","duration":275.4154000000008,"failureMessages":[],"meta":{},"tags":[]},{"ancestorTitles":["what the approval gate refuses","the narrower check publishing runs"],"fullName":"what the approval gate refuses the narrower check publishing runs reports an image whose bytes moved after stamping","status":"passed","title":"reports an image whose bytes moved after stamping","duration":185.33560000000034,"failureMessages":[],"meta":{},"tags":[]},{"ancestorTitles":["what the approval gate refuses","the narrower check publishing runs"],"fullName":"what the approval gate refuses the narrower check publishing runs says nothing when the bytes are untouched","status":"passed","title":"says nothing when the bytes are untouched","duration":255.82650000000012,"failureMessages":[],"meta":{},"tags":[]},{"ancestorTitles":["what the approval gate refuses","the narrower check publishing runs"],"fullName":"what the approval gate refuses the narrower check publishing runs catches a swap that was re-stamped to look consistent","status":"passed","title":"catches a swap that was re-stamped to look consistent","duration":494.3764000000001,"failureMessages":[],"meta":{},"tags":[]},{"ancestorTitles":["what the approval gate refuses","the narrower check publishing runs"],"fullName":"what the approval gate refuses the narrower check publishing runs is wired into the live publish boundary before any Meta call or post log","status":"passed","title":"is wired into the live publish boundary before any Meta call or post log","duration":684.4504999999999,"failureMessages":[],"meta":{},"tags":[]},{"ancestorTitles":["what the approval gate refuses","the narrower check publishing runs"],"fullName":"what the approval gate refuses the narrower check publishing runs on a pre-snapshot day still blocks a swap that was not re-stamped","status":"passed","title":"on a pre-snapshot day still blocks a swap that was not re-stamped","duration":329.3769999999995,"failureMessages":[],"meta":{},"tags":[]},{"ancestorTitles":["what the approval gate refuses","the narrower check publishing runs"],"fullName":"what the approval gate refuses the narrower check publishing runs on a pre-snapshot day does not refuse matching stamps just because the digest file is absent","status":"passed","title":"on a pre-snapshot day does not refuse matching stamps just because the digest file is absent","duration":3670.906500000001,"failureMessages":[],"meta":{},"tags":[]},{"ancestorTitles":["what the approval gate refuses","the narrower check publishing runs"],"fullName":"what the approval gate refuses the narrower check publishing runs refuses a digest slot whose value is null instead of a map, and does not call Meta","status":"passed","title":"refuses a digest slot whose value is null instead of a map, and does not call Meta","duration":371.83599999999933,"failureMessages":[],"meta":{},"tags":[]},{"ancestorTitles":["what the approval gate refuses","the narrower check publishing runs"],"fullName":"what the approval gate refuses the narrower check publishing runs imagesDifferFromApproval reports a present non-map slot instead of fail-opening","status":"passed","title":"imagesDifferFromApproval reports a present non-map slot instead of fail-opening","duration":109.36609999999928,"failureMessages":[],"meta":{},"tags":[]},{"ancestorTitles":["what the approval gate refuses","the narrower check publishing runs"],"fullName":"what the approval gate refuses the narrower check publishing runs still treats an empty slot map as a real snapshot, not as a non-map","status":"passed","title":"still treats an empty slot map as a real snapshot, not as a non-map","duration":82.759399999999,"failureMessages":[],"meta":{},"tags":[]},{"ancestorTitles":["what the approval gate refuses","the narrower check publishing runs"],"fullName":"what the approval gate refuses the narrower check publishing runs refuses a day whose digest file exists but has no key for the slot, even after a re-stamp","status":"passed","title":"refuses a day whose digest file exists but has no key for the slot, even after a re-stamp","duration":244.53640000000087,"failureMessages":[],"meta":{},"tags":[]},{"ancestorTitles":["what the approval gate refuses","the narrower check publishing runs"],"fullName":"what the approval gate refuses the narrower check publishing runs refuses a digest file that parses to null","status":"passed","title":"refuses a digest file that parses to null","duration":256.27770000000055,"failureMessages":[],"meta":{},"tags":[]},{"ancestorTitles":["what the approval gate refuses","the narrower check publishing runs"],"fullName":"what the approval gate refuses the narrower check publishing runs refuses a digest file that is not JSON","status":"passed","title":"refuses a digest file that is not JSON","duration":241.90329999999994,"failureMessages":[],"meta":{},"tags":[]},{"ancestorTitles":["what the approval gate refuses","the narrower check publishing runs"],"fullName":"what the approval gate refuses the narrower check publishing runs keeps loadApprovedImageDigests collapsing every failure so approval can still start from {}","status":"passed","title":"keeps loadApprovedImageDigests collapsing every failure so approval can still start from {}","duration":105.28459999999905,"failureMessages":[],"meta":{},"tags":[]},{"ancestorTitles":["what the approval gate refuses","the narrower check publishing runs"],"fullName":"what the approval gate refuses the narrower check publishing runs treats an image approval never saw as a change","status":"passed","title":"treats an image approval never saw as a change","duration":215.58249999999862,"failureMessages":[],"meta":{},"tags":[]},{"ancestorTitles":["what the approval gate refuses","the narrower check publishing runs"],"fullName":"what the approval gate refuses the narrower check publishing runs says nothing about an unstamped file, because that is approval's business","status":"passed","title":"says nothing about an unstamped file, because that is approval's business","duration":87.03299999999945,"failureMessages":[],"meta":{},"tags":[]},{"ancestorTitles":["what the approval gate refuses"],"fullName":"what the approval gate refuses blocks when the prompt asks for a different object than the caption names","status":"passed","title":"blocks when the prompt asks for a different object than the caption names","duration":186.74029999999948,"failureMessages":[],"meta":{},"tags":[]},{"ancestorTitles":["what the approval gate refuses"],"fullName":"what the approval gate refuses says nothing when the prompt names the object the caption is about","status":"passed","title":"says nothing when the prompt names the object the caption is about","duration":251.09380000000056,"failureMessages":[],"meta":{},"tags":[]},{"ancestorTitles":["what the approval gate refuses"],"fullName":"what the approval gate refuses blocks when the manifest has two entries for the same file","status":"passed","title":"blocks when the manifest has two entries for the same file","duration":179.33729999999923,
[...]
tles":["diversified video item profiles"],"fullName":"diversified video item profiles infers 白鞋鞋舌與鞋墊邊 as shoes","status":"passed","title":"infers 白鞋鞋舌與鞋墊邊 as shoes","duration":0.7498000000000502,"failureMessages":[],"meta":{},"tags":[]},{"ancestorTitles":["diversified video item profiles"],"fullName":"diversified video item profiles infers 化妝包拉鍊邊 as bags","status":"passed","title":"infers 化妝包拉鍊邊 as bags","duration":0.3324000000000069,"failureMessages":[],"meta":{},"tags":[]},{"ancestorTitles":["diversified video item profiles"],"fullName":"diversified video item profiles infers 棉被收納前的濕氣 as bedding","status":"passed","title":"infers 棉被收納前的濕氣 as bedding","duration":0.23439999999993688,"failureMessages":[],"meta":{},"tags":[]},{"ancestorTitles":["diversified video item profiles"],"fullName":"diversified video item profiles infers 皮衣袖口摺痕 as leather","status":"passed","title":"infers 皮衣袖口摺痕 as leather","duration":0.2381000000000313,"failureMessages":[],"meta":{},"tags":[]},{"ancestorTitles":["diversified video item profiles"],"fullName":"diversified video item profiles infers 襯衫、皮鞋、外套整理提醒 as mixed","status":"passed","title":"infers 襯衫、皮鞋、外套整理提醒 as mixed","duration":0.217899999999986,"failureMessages":[],"meta":{},"tags":[]},{"ancestorTitles":["diversified video item profiles"],"fullName":"diversified video item profiles infers 絨毛娃娃填充物檢查 as mixed","status":"passed","title":"infers 絨毛娃娃填充物檢查 as mixed","duration":0.17619999999999436,"failureMessages":[],"meta":{},"tags":[]},{"ancestorTitles":["diversified video item profiles"],"fullName":"diversified video item profiles keeps each category's action and claim guardrails explicit","status":"passed","title":"keeps each category's action and claim guardrails explicit","duration":2.811900000000037,"failureMessages":[],"meta":{},"tags":[]},{"ancestorTitles":["diversified video item profiles"],"fullName":"diversified video item profiles does not duplicate the profile directive on repeated manifest builds","status":"passed","title":"does not duplicate the profile directive on repeated manifest builds","duration":1.4669999999999845,"failureMessages":[],"meta":{},"tags":[]}],"startTime":1786984592117,"endTime":1786984592127.467,"status":"passed","message":"","name":"C:/Users/cyc39/Documents/New project 5/test/videoItemProfiles.test.ts"},{"assertionResults":[{"ancestorTitles":["video review gate"],"fullName":"video review gate binds dual review approval to the exact final video and prompt","status":"passed","title":"binds dual review approval to the exact final video and prompt","duration":82.64099999999996,"failureMessages":[],"meta":{},"tags":[]},{"ancestorTitles":["video review gate"],"fullName":"video review gate rejects a video changed after review","status":"passed","title":"rejects a video changed after review","duration":86.57579999999996,"failureMessages":[],"meta":{},"tags":[]}],"startTime":1786984590029,"endTime":1786984590198.5757,"status":"passed","message":"","name":"C:/Users/cyc39/Documents/New project 5/test/videoReviewGate.test.ts"},{"assertionResults":[{"ancestorTitles":["Reel run/prompt freshness"],"fullName":"Reel run/prompt freshness hashes prompts with the same SHA-256 algorithm written into run.json","status":"passed","title":"hashes prompts with the same SHA-256 algorithm written into run.json","duration":4.128500000000031,"failureMessages":[],"meta":{},"tags":[]},{"ancestorTitles":["Reel run/prompt freshness"],"fullName":"Reel run/prompt freshness accepts a complete run whose prompt_hash matches the current video_prompt","status":"passed","title":"accepts a complete run whose prompt_hash matches the current video_prompt","duration":25.35419999999999,"failureMessages":[],"meta":{},"tags":[]},{"ancestorTitles":["Reel run/prompt freshness"],"fullName":"Reel run/prompt freshness rejects a stale creative when run prompt_hash does not match the current video_prompt","status":"passed","title":"rejects a stale creative when run prompt_hash does not match the current video_prompt","duration":16.42909999999995,"failureMessages":[],"meta":{},"tags":[]},{"ancestorTitles":["Reel run/prompt freshness"],"fullName":"Reel run/prompt freshness blocks validatePublishableMedia on stale prompt before treating the old MP4 as publishable","status":"passed","title":"blocks validatePublishableMedia on stale prompt before treating the old MP4 as publishable","duration":103.0673999999999,"failureMessages":[],"meta":{},"tags":[]}],"startTime":1786984588998,"endTime":1786984589147.0674,"status":"passed","message":"","name":"C:/Users/cyc39/Documents/New project 5/test/videoRunFreshness.test.ts"},{"assertionResults":[{"ancestorTitles":["video script quality"],"fullName":"video script quality passes both 2026-07-29 scripts with concrete objects and one-action prompts","status":"passed","title":"passes both 2026-07-29 scripts with concrete objects and one-action prompts","duration":34.001100000000065,"failureMessages":[],"meta":{},"tags":[]}],"startTime":1786984591548,"endTime":1786984591582.0012,"status":"passed","message":"","name":"C:/Users/cyc39/Documents/New project 5/test/videoScriptQuality.test.ts"},{"assertionResults":[{"ancestorTitles":["scene-aware sampling"],"fullName":"scene-aware sampling detects treatment from filename and duration","status":"passed","title":"detects treatment from filename and duration","duration":3.426800000000185,"failureMessages":[],"meta":{},"tags":[]},{"ancestorTitles":["scene-aware sampling"],"fullName":"scene-aware sampling A is 4+5+tpad1+4 with two samples per act","status":"passed","title":"A is 4+5+tpad1+4 with two samples per act","duration":3.2313000000001466,"failureMessages":[],"meta":{},"tags":[]},{"ancestorTitles":["scene-aware sampling"],"fullName":"scene-aware sampling B adds a third sample on the second after","status":"passed","title":"B adds a third sample on the second after","duration":0.784900000000107,"failureMessages":[],"meta":{},"tags":[]},{"ancestorTitles":["scene-aware sampling"],"fullName":"scene-aware sampling does not use 35/60 percent as the only QA samples","status":"passed","title":"does not use 35/60 percent as the only QA samples","duration":0.7803999999998723,"failureMessages":[],"meta":{},"tags":[]},{"ancestorTitles":["canary and judge contract"],"fullName":"canary and judge contract burns a 4-character canary on QA copies only","status":"passed","title":"burns a 4-character canary on QA copies only","duration":0.905100000000175,"failureMessages":[],"meta":{},"tags":[]},{"ancestorTitles":["canary and judge contract"],"fullName":"canary and judge contract uses Python to list QA frames so Chinese paths are not PS -match","status":"passed","title":"uses Python to list QA frames so Chinese paths are not PS -match","duration":0.6963000000000648,"failureMessages":[],"meta":{},"tags":[]},{"ancestorTitles":["canary and judge contract"],"fullName":"canary and judge contract judge_blind is counted separately from content FAIL","status":"passed","title":"judge_blind is counted separately from content FAIL","duration":5.352200000000039,"failureMessages":[],"meta":{},"tags":[]},{"ancestorTitles":["canary and judge contract"],"fullName":"canary and judge contract missing axis is FAIL_CLOSED","status":"passed","title":"missing axis is FAIL_CLOSED","duration":1.011900000000196,"failureMessages":[],"meta":{},"tags":[]},{"ancestorTitles":["canary and judge contract"],"fullName":"canary and judge contract recovers axes when evidence JSON is garbled","status":"passed","title":"recovers axes when evidence JSON is garbled","duration":1.2918999999999414,"failureMessages":[],"meta":{},"tags":[]},{"ancestorTitles":["canary and judge contract"],"fullName":"canary and judge contract only accepts the VISUAL_QA marker JSON","status":"passed","title":"only accepts the VISUAL_QA marker JSON","duration":0.9835999999997966,"failureMessages":[],"meta":{},"tags":[]},{"ancestorTitles":["canary and judge contract"],"fullName":"canary and judge contract PASS with any axis FAIL becomes FAIL","status":"passed","title":"PASS with any axis FAIL becomes FAIL","duration":0.9120000000000346,"failureMessages":[],"meta":{},"tags":[]},{"ancestorTitles":["judge prompt"],"fullName":"judge prompt requires every axis, canaries, and forbids generation / always-PASS","status":"passed","title":"requires every axis, canaries, and forbids generation / always-PASS","duration":8.663999999999987,"failureMessages":[],"meta":{},"tags":[]},{"ancestorTitles":["judge prompt"],"fullName":"judge prompt mutation: fixture names or answers in the prompt fail the overfit guard","status":"passed","title":"mutation: fixture names or answers in the prompt fail the overfit guard","duration":1.649499999999989,"failureMessages":[],"meta":{},"tags":[]},{"ancestorTitles":["judge prompt"],"fullName":"judge prompt mutation 1: rewriting the prompt to always PASS is rejected","status":"passed","title":"mutation 1: rewriting the prompt to always PASS is rejected","duration":1.0945999999999003,"failureMessages":[],"meta":{},"tags":[]},{"ancestorTitles":["rubric coherence"],"fullName":"rubric coherence mutation: declared change with axis PASS is FAIL_CLOSED rubric_incoherent","status":"passed","title":"mutation: declared change with axis PASS is FAIL_CLOSED rubric_incoherent","duration":2.1539999999999964,"failureMessages":[],"meta":{},"tags":[]},{"ancestorTitles":["rubric coherence"],"fullName":"rubric coherence declared change with matching FAIL stays content FAIL","status":"passed","title":"declared change with matching FAIL stays content FAIL","duration":0.6107999999999265,"failureMessages":[],"meta":{},"tags":[]},{"ancestorTitles":["rubric coherence"],"fullName":"rubric coherence same-token observations with PASS stay PASS","status":"passed","title":"same-token observations with PASS stay PASS","duration":1.348799999999983,"failureMessages":[],"meta":{},"tags":[]},{"ancestorTitles":["publish warning wiring"],"fullName":"publish warning wiring mutation 2: validatePublishableReel must read visual-qa.json","status":"passed","title":"mutation 2: validatePublishableReel must read visual-qa.json","duration":0.4476999999999407,"failureMessages":[],"meta":{},"tags":[]},{"ancestorTitles":["publish warning wiring"],"fullName":"publish warning wiring warn mode does not throw when the sidecar is missing or FAIL","status":"passed","title":"warn mode does not throw when the sidecar is missing or FAIL","duration":51.91899999999987,"failureMessages":[],"meta":{},"tags":[]},{"ancestorTitles":["canary mutation and frame-read binding"],"fullName":"canary mutation and frame-read binding mutation 3: dropping canary checks lets missing images look like PASS unless the check exists","status":"passed","title":"mutation 3: dropping canary checks lets missing images look like PASS unless the check exists","duration":1.6095000000000255,"failureMessages":[],"meta":{},"tags":[]},{"ancestorTitles":["canary mutation and frame-read binding"],"fullName":"canary mutation and frame-read binding mutation 4: a hardcoded answer that never reads frames is FAIL_CLOSED","status":"passed","title":"mutation 4: a hardcoded answer that never reads frames is FAIL_CLOSED","duration":36.03690000000006,"failureMessages":[],"meta":{},"tags":[]},{"ancestorTitles":["standing-policy isolation"],"fullName":"standing-policy isolation standing-policy cannot write or satisfy visual-qa","status":"passed","title":"standing-policy cannot write or satisfy visual-qa","duration":1.3185000000000855,"failureMessages":[],"meta":{},"tags":[]},{"ancestorTitles":["rejected concepts and isolation plan"],"fullName":"rejected concepts and isolation plan loads suede onto the rejected list and produce-next-reel consults it twice","status":"passed","title":"loads suede onto the rejected list and produce-next-reel consults it twice","duration":4.5353000000000065,"failureMessages":[],"meta":{},"tags":[]},{"ancestorTitles":["rejected concepts and isolation plan"],"fullName":"rejected concepts and isolation plan isolation plan has six layers including reference-photos","status":"passed","title":"isolation plan has six layers including reference-photos","duration":1.0039000000001579,"failureMessages":[],"meta":{},"tags":[]},{"ancestorTitles":["rejected concepts and isolation plan"],"fullName":"rejected concepts and isolation plan static gate reads data/reference-photos, not output references copies","status":"passed","title":"static gate reads data/reference-photos, not output references copies","duration":1.845199999999977,"failureMessages":[],"meta":{},"tags":[]},{"ancestorTitles":["call mode freeze"],"fullName":"call mode freeze check-reel-story uses read-only exec, one -i per frame, stdin prompt","status":"passed","title":"check-reel-story uses read-only exec, one -i per frame, stdin prompt","duration":0.49979999999982283,"failureMessages":[],"meta":{},"tags":[]},{"ancestorTitles":["extract-reel-frames live canary burn"],"fullName":"extract-reel-frames live canary burn extracts scene-aware QA frames with sidecar hashes","status":"passed","title":"extracts scene-aware QA frames with sidecar hashes","duration":12212.3924,"failureMessages":[],"meta":{},"tags":[]},{"ancestorTitles":["validatePublishableReel stays unwired as a hard gate"],"fullName":"validatePublishableReel stays unwired as a hard gate does not throw from visual-qa inside validatePublishableReel","status":"passed","title":"does not throw from visual-qa inside validatePublishableReel","duration":0.6837000000014086,"failureMessages":[],"meta":{},"tags":[]},{"ancestorTitles":["carousel judge prompt"],"fullName":"carousel judge prompt requires carousel axes, canaries, observe-then-derive, and forbids generation","status":"passed","title":"requires carousel axes, canaries, observe-then-derive, and forbids generation","duration":1.504000000000815,"failureMessages":[],"meta":{},"tags":[]},{"ancestorTitles":["carousel judge prompt"],"fullName":"carousel judge prompt mutation: dropping OBJECT_IDENTITY from the carousel prompt is rejected","status":"passed","title":"mutation: dropping OBJECT_IDENTITY from the carousel prompt is rejected","duration":0.42480000000068685,"failureMessages":[],"meta":{},"tags":[]},{"ancestorTitles":["carousel judge prompt"],"fullName":"carousel judge prompt does not overfit carousel fixture names or reel fixture answers","status":"passed","title":"does not overfit carousel fixture names or reel fixture answers","duration":0.5694000000003143,"failureMessages":[],"meta":{},"tags":[]},{"ancestorTitles":["carousel resolve and parse"],"fullName":"carousel resolve and parse parses dir+slot specs","status":"passed","title":"parses dir+slot specs","duration":0.5837000000010448,"failureMessages":[],"meta":{},"tags":[]},{"ancestorTitles":["carousel resolve and parse"],"fullName":"carousel resolve and parse resolves the live 8/17 four-slide sets","status":"passed","title":"resolves the live 8/17 four-slide sets","duration":2.986799999998766,"failureMessages":[],"meta":{},"tags":[]},{"ancestorTitles":["carousel resolve and parse"],"fullName":"carousel resolve and parse parses carousel VISUAL_QA JSON including TOPIC_MATCH","status":"passed","title":"parses carousel VISUAL_QA JSON including TOPIC_MATCH","duration":1.9160000000010768,"failureMessages":[],"meta":{},"tags":[]},{"ancestorTitles":["carousel fixture red and green"],"fullName":"carousel fixture red and green red mixed-garment fixture FAILs and names OBJECT_IDENTITY","status":"passed","title":"red mixed-garment fixture FAILs and names OBJECT_IDENTITY","duration":6.505100000000311,"failureMessages":[],"meta":{},"tags":[]},{"ancestorTitles":["carousel fixture red and green"],"fullName":"carousel fixture red and green green rain-shoe fixture PASSes","status":"passed","title":"green rain-shoe fixture PASSes","duration":2.9531999999999243,"failureMessages":[],"meta":{},"tags":[]},{"ancestorTitles":["carousel observe block is mandatory"],"fullName":"carousel observe block is mandatory PASS axes with no OBS is FAIL_CLOSED missing_observation","status":"passed","title":"PASS axes with no OBS is FAIL_CLOSED missing_observation","duration":0.46129999999902793,"failureMessages":[],"meta":{},"tags":[]},{"ancestorTitles":["carousel observe block is mandatory"],"fullName":"carousel observe block is mandatory partial OBS is FAIL_CLOSED missing_observation","status":"passed","title":"partial OBS is FAIL_CLOSED missing_observation","duration":0.9555000000000291,"failureMessages":[],"meta":{},"tags":[]},{"ancestorTitles":["carousel observe block is mandatory"],"fullName":"carousel observe block is mandatory duplicate OBS index is FAIL_CLOSED missing_observation","status":"passed","title":"duplicate OBS index is FAIL_CLOSED missing_observation","duration":0.8877999999986059,"failureMessages":[],"meta":{},"tags":[]},{"ancestorTitles":["carousel observe block is mandatory"],"fullName":"carousel observe block is mandatory skipped OBS index is FAIL_CLOSED missing_observation","status":"passed","title":"skipped OBS index is FAIL_CLOSED missing_observation","duration":0.42449999999917054,"failureMessages":[],"meta":{},"tags":[]},{"ancestorTitles":["carousel observe block is mandatory"],"fullName":"carousel observe block is mandatory missing OBS field is FAIL_CLOSED missing_observation","status":"passed","title":"missing OBS field is FAIL_CLOSED missing_observation","duration":1.1908000000003085,"failureMessages":[],"meta":{},"tags":[]},{"ancestorTitles":["carousel observe block is mandatory"],"fullName":"carousel observe block is mandatory missing COMPARE is FAIL_CLOSED missing_observation","status":"passed","title":"missing COMPARE is FAIL_CLOSED missing_observation","duration":0.5506999999997788,"failureMessages":[],"meta":{},"tags":[]},{"ancestorTitles":["carousel observe block is mandatory"],"fullName":"carousel observe block is mandatory complete OBS plus axes PASS stays PASS","status":"passed","title":"complete OBS plus axes PASS stays PASS","duration":0.5260999999991327,"failureMessages":[],"meta":{},"tags":[]},{"ancestorTitles":["carousel mutations"],"fullName":"carousel mutations mutation: removing OBJECT_IDENTITY from the verdict is FAIL_CLOSED missing_axis","status":"passed","title":"mutation: removing OBJECT_IDENTITY from the verdict is FAIL_CLOSED missing_axis","duration":0.39760000000023865,"failureMessages":[],"meta":{},"tags":[]},{"ancestorTitles":["carousel mutations"],"fullName":"carousel mutations mutation: dropping canaries is judge_blind","status":"passed","title":"mutation: dropping canaries is judge_blind","duration":0.35359999999855063,"failureMessages":[],"meta":{},"tags":[]},{"ancestorTitles":["carousel mutations"],"fullName":"carousel mutations declared type mix with OBJECT_IDENTITY PASS is rubric_incoherent","status":"passed","title":"declared type mix with OBJECT_IDENTITY PASS is rubric_incoherent","duration":0.6080000000001746,"failureMessages":[],"meta":{},"tags":[]},{"ancestorTitles":["carousel warn-mode wiring"],"fullName":"carousel warn-mode wiring generate-missing-images calls carousel QA after a complete slot and does not block","status":"passed","title":"generate-missing-images calls carousel QA after a complete slot and does not block","duration":0.7872000000006665,"failureMessages":[],"meta":{},"tags":[]},{"ancestorTitles":["carousel warn-mode wiring"],"fullName":"carousel warn-mode wiring live 8/17 calibration snapshots still discriminate","status":"passed","title":"live 8/17 calibration snapshots still discriminate","duration":2.7916999999997643,"failureMessages":[],"meta":{},"tags":[]},{"ancestorTitles":["carousel CLI surface"],"fullName":"carousel CLI surface visualQaCli accepts --carousel emit-prompt for a file list","status":"passed","title":"visualQaCli accepts --carousel emit-prompt for a file list","duration":422.22290000000066,"failureMessages":[],"meta":{},"tags":[]}],"startTime":1786984583580,"endTime":1786984596380.223,"status":"passed","message":"","name":"C:/Users/cyc39/Documents/New project 5/test/visualQa.test.ts"}]}