{"numTotalTestSuites":223,"numPassedTestSuites":217,"numFailedTestSuites":6,"numPendingTestSuites":0,"numTotalTests":565,"numPassedTests":561,"numFailedTests":4,"numPendingTests":0,"numTodoTests":0,"snapshot":{"added":0,"failure":false,"filesAdded":0,"filesRemoved":0,"filesRemovedList":[],"filesUnmatched":0,"filesUpdated":0,"matched":0,"total":0,"unchecked":0,"uncheckedKeysByFile":[],"unmatched":0,"updated":0,"didUpdate":false},"startTime":1786984396949,"success":false,"testResults":[{"assertionResults":[{"ancestorTitles":["A/B dual-reel pipeline"],"fullName":"A/B dual-reel pipeline schedules three daily slots with noon and evening reel times","status":"passed","title":"schedules three daily slots with noon and evening reel times","duration":5.7509000000000015,"failureMessages":[],"meta":{},"tags":[]},{"ancestorTitles":["A/B dual-reel pipeline"],"fullName":"A/B dual-reel pipeline crosses variants by calendar day and pairs distinct concepts","status":"passed","title":"crosses variants by calendar day and pairs distinct concepts","duration":20.851900000000114,"failureMessages":[],"meta":{},"tags":[]},{"ancestorTitles":["A/B dual-reel pipeline"],"fullName":"A/B dual-reel pipeline blocks live publish of slot 3 outside its four-hour window","status":"passed","title":"blocks live publish of slot 3 outside its four-hour window","duration":16.61440000000016,"failureMessages":[],"meta":{},"tags":[]},{"ancestorTitles":["A/B dual-reel pipeline"],"fullName":"A/B dual-reel pipeline heals a rewritten slot 3 from the ab-test plan","status":"passed","title":"heals a rewritten slot 3 from the ab-test plan","duration":1567.0924,"failureMessages":[],"meta":{},"tags":[]},{"ancestorTitles":["A/B dual-reel pipeline"],"fullName":"A/B dual-reel pipeline heals a slot when the concept is right but the variant is wrong","status":"passed","title":"heals a slot when the concept is right but the variant is wrong","duration":1852.5903000000003,"failureMessages":[],"meta":{},"tags":[]},{"ancestorTitles":["A/B dual-reel pipeline"],"fullName":"A/B dual-reel pipeline invalidates the outgoing slot's images before heal overwrites the cover","status":"passed","title":"invalidates the outgoing slot's images before heal overwrites the cover","duration":867.3231999999998,"failureMessages":[],"meta":{},"tags":[]},{"ancestorTitles":["A/B dual-reel pipeline"],"fullName":"A/B dual-reel pipeline classifies a missing slot 3 as skip, not fail (catch-up / post path)","status":"passed","title":"classifies a missing slot 3 as skip, not fail (catch-up / post path)","duration":13.375699999999597,"failureMessages":[],"meta":{},"tags":[]},{"ancestorTitles":["A/B dual-reel pipeline"],"fullName":"A/B dual-reel pipeline postCurrentSlot skips absent slot 3 without throwing","status":"passed","title":"postCurrentSlot skips absent slot 3 without throwing","duration":192.1144000000004,"failureMessages":[],"meta":{},"tags":[]},{"ancestorTitles":["A/B dual-reel pipeline"],"fullName":"A/B dual-reel pipeline writes optional ab_variant on posted-log only when a plan exists","status":"passed","title":"writes optional ab_variant on posted-log only when a plan exists","duration":842.6532000000007,"failureMessages":[],"meta":{},"tags":[]},{"ancestorTitles":["A/B dual-reel pipeline"],"fullName":"A/B dual-reel pipeline reports data_gaps instead of fabricating zero metrics","status":"passed","title":"reports data_gaps instead of fabricating zero metrics","duration":50.898699999999735,"failureMessages":[],"meta":{},"tags":[]},{"ancestorTitles":["A/B dual-reel pipeline"],"fullName":"A/B dual-reel pipeline puts posted-log rows without ab_variant into the unattributed bucket","status":"passed","title":"puts posted-log rows without ab_variant into the unattributed bucket","duration":148.9384999999993,"failureMessages":[],"meta":{},"tags":[]},{"ancestorTitles":["A/B dual-reel pipeline"],"fullName":"A/B dual-reel pipeline stamps the reel cover with everything the approval gate demands","status":"passed","title":"stamps the reel cover with everything the approval gate demands","duration":593.2268000000004,"failureMessages":[],"meta":{},"tags":[]},{"ancestorTitles":["A/B dual-reel pipeline"],"fullName":"A/B dual-reel pipeline leaves a paused plan half alone instead of healing it back in","status":"passed","title":"leaves a paused plan half alone instead of healing it back in","duration":114.57459999999992,"failureMessages":[],"meta":{},"tags":[]},{"ancestorTitles":["A/B dual-reel pipeline"],"fullName":"A/B dual-reel pipeline captionsFor includes LINE id and never bare-shops in block 2","status":"passed","title":"captionsFor includes LINE id and never bare-shops in block 2","duration":588.4135000000006,"failureMessages":[],"meta":{},"tags":[]},{"ancestorTitles":["assemble-reel two-act invariance"],"fullName":"assemble-reel two-act invariance documents ffprobe baseline for the existing two-act reel (mutation target)","status":"passed","title":"documents ffprobe baseline for the existing two-act reel (mutation target)","duration":11.58929999999964,"failureMessages":[],"meta":{},"tags":[]},{"ancestorTitles":["planSlot mapping"],"fullName":"planSlot mapping maps noon to slot 3 and evening to slot 2","status":"passed","title":"maps noon to slot 3 and evening to slot 2","duration":1.028599999999642,"failureMessages":[],"meta":{},"tags":[]}],"startTime":1786984398919,"endTime":1786984405808.0286,"status":"passed","message":"","name":"C:/Users/cyc39/Documents/New project 5/test/abTestPipeline.test.ts"},{"assertionResults":[{"ancestorTitles":["approvePost"],"fullName":"approvePost writes platform approval records without posting","status":"passed","title":"writes platform approval records without posting","duration":467.7794000000001,"failureMessages":[],"meta":{},"tags":[]},{"ancestorTitles":["approvePost"],"fullName":"approvePost refuses unproven images, and records the override when forced","status":"passed","title":"refuses unproven images, and records the override when forced","duration":129.5082,"failureMessages":[],"meta":{},"tags":[]},{"ancestorTitles":["approvePost"],"fullName":"approvePost hasApprovedPost still ignores forced; hasPublishableApproval does not","status":"passed","title":"hasApprovedPost still ignores forced; hasPublishableApproval does not","duration":0.6536000000000968,"failureMessages":[],"meta":{},"tags":[]},{"ancestorTitles":["approvePost"],"fullName":"approvePost refuses to write consent while paused, even when forced","status":"passed","title":"refuses to write consent while paused, even when forced","duration":38.24579999999992,"failureMessages":[],"meta":{},"tags":[]},{"ancestorTitles":["approvePost"],"fullName":"approvePost writes an image-digest snapshot for the slot after a forced approval","status":"passed","title":"writes an image-digest snapshot for the slot after a forced approval","duration":115.76299999999992,"failureMessages":[],"meta":{},"tags":[]},{"ancestorTitles":["approvePost"],"fullName":"approvePost merges a later slot into the day's digest map without wiping an earlier one","status":"passed","title":"merges a later slot into the day's digest map without wiping an earlier one","duration":718.4058,"failureMessages":[],"meta":{},"tags":[]},{"ancestorTitles":["approvePost"],"fullName":"approvePost leaves no approval log when the digest snapshot write fails","status":"passed","title":"leaves no approval log when the digest snapshot write fails","duration":98.62279999999964,"failureMessages":[],"meta":{},"tags":[]}],"startTime":1786984402385,"endTime":1786984403956.6228,"status":"passed","message":"","name":"C:/Users/cyc39/Documents/New project 5/test/approvePost.test.ts"},{"assertionResults":[{"ancestorTitles":["the craftsman reaches the prompts production actually uses"],"fullName":"the craftsman reaches the prompts production actually uses is in the after prompt, which is where the judgement is delivered","status":"passed","title":"is in the after prompt, which is where the judgement is delivered","duration":2.911399999999958,"failureMessages":[],"meta":{},"tags":[]},{"ancestorTitles":["the craftsman reaches the prompts production actually uses"],"fullName":"the craftsman reaches the prompts production actually uses is not in the before prompt, which is the customer's problem","status":"passed","title":"is not in the before prompt, which is the customer's problem","duration":0.5819000000000187,"failureMessages":[],"meta":{},"tags":[]},{"ancestorTitles":["the craftsman reaches the prompts production actually uses"],"fullName":"the craftsman reaches the prompts production actually uses keeps the after act an edit of the before, so the object cannot change","status":"passed","title":"keeps the after act an edit of the before, so the object cannot change","duration":0.427599999999984,"failureMessages":[],"meta":{},"tags":[]},{"ancestorTitles":["the craftsman reaches the prompts production actually uses"],"fullName":"the craftsman reaches the prompts production actually uses puts the craftsman in every concept's after prompt, not just one","status":"passed","title":"puts the craftsman in every concept's after prompt, not just one","duration":1.227100000000064,"failureMessages":[],"meta":{},"tags":[]},{"ancestorTitles":["the craftsman reaches the prompts production actually uses"],"fullName":"the craftsman reaches the prompts production actually uses names the craftsman in both middle prompts of the production script","status":"passed","title":"names the craftsman in both middle prompts of the production script","duration":2.912900000000036,"failureMessages":[],"meta":{},"tags":[]}],"startTime":1786984406850,"endTime":1786984406858.9128,"status":"passed","message":"","name":"C:/Users/cyc39/Documents/New project 5/test/artisanWiring.test.ts"},{"assertionResults":[{"ancestorTitles":["writeApprovedImageDigests"],"fullName":"writeApprovedImageDigests writes a snapshot the loader reads back verbatim, leaving no temp files","status":"passed","title":"writes a snapshot the loader reads back verbatim, leaving no temp files","duration":27.325000000000045,"failureMessages":[],"meta":{},"tags":[]},{"ancestorTitles":["writeApprovedImageDigests"],"fullName":"writeApprovedImageDigests keeps the previous snapshot intact when the new write fails","status":"passed","title":"keeps the previous snapshot intact when the new write fails","duration":12.585900000000038,"failureMessages":[],"meta":{},"tags":[]},{"ancestorTitles":["snapshot writer wiring"],"fullName":"snapshot writer wiring both approval writers go through the atomic helper and never raw-write the snapshot","status":"passed","title":"both approval writers go through the atomic helper and never raw-write the snapshot","duration":1.9707999999999402,"failureMessages":[],"meta":{},"tags":[]}],"startTime":1786984406130,"endTime":1786984406172.9707,"status":"passed","message":"","name":"C:/Users/cyc39/Documents/New project 5/test/atomicDigestWrite.test.ts"},{"assertionResults":[{"ancestorTitles":["auditPublicSite"],"fullName":"auditPublicSite passes when images, OG, schema image, and NAP are valid","status":"passed","title":"passes when images, OG, schema image, and NAP are valid","duration":149.89049999999997,"failureMessages":[],"meta":{},"tags":[]},{"ancestorTitles":["auditPublicSite"],"fullName":"auditPublicSite reports missing alt, broken images, non-image responses, and NAP mismatches","status":"passed","title":"reports missing alt, broken images, non-image responses, and NAP mismatches","duration":18.278500000000008,"failureMessages":[],"meta":{},"tags":[]}],"startTime":1786984404861,"endTime":1786984405029.2786,"status":"passed","message":"","name":"C:/Users/cyc39/Documents/New project 5/test/auditPublicSite.test.ts"},{"assertionResults":[{"ancestorTitles":["calendar HMAC key is gitignored"],"fullName":"calendar HMAC key is gitignored data/.gitignore lists the hmac key file","status":"passed","title":"data/.gitignore lists the hmac key file","duration":15.806700000000092,"failureMessages":[],"meta":{},"tags":[]},{"ancestorTitles":["writeDailyContent stamps the plan writer"],"fullName":"writeDailyContent stamps the plan writer adds written_by and a slots checksum, and a normal load is not tampered","status":"passed","title":"adds written_by and a slots checksum, and a normal load is not tampered","duration":72.78649999999993,"failureMessages":[],"meta":{},"tags":[]},{"ancestorTitles":["loadDailyContent tamper detection"],"fullName":"loadDailyContent tamper detection marks a today/future external calendar (no checksum) as tampered","status":"passed","title":"marks a today/future external calendar (no checksum) as tampered","duration":23.3449999999998,"failureMessages":[],"meta":{},"tags":[]},{"ancestorTitles":["loadDailyContent tamper detection"],"fullName":"loadDailyContent tamper detection grandfathers unstamped calendars from before the stamping regime, even for today","status":"passed","title":"grandfathers unstamped calendars from before the stamping regime, even for today","duration":339.02610000000004,"failureMessages":[],"meta":{},"tags":[]},{"ancestorTitles":["loadDailyContent tamper detection"],"fullName":"loadDailyContent tamper detection closes the grace window at the adoption date: unstamped 2026-08-19 today stays tampered","status":"passed","title":"closes the grace window at the adoption date: unstamped 2026-08-19 today stays tampered","duration":29.767000000000053,"failureMessages":[],"meta":{},"tags":[]},{"ancestorTitles":["loadDailyContent tamper detection"],"fullName":"loadDailyContent tamper detection treats a historical file without checksum as legacy, not tampered","status":"passed","title":"treats a historical file without checksum as legacy, not tampered","duration":194.4643000000001,"failureMessages":[],"meta":{},"tags":[]},{"ancestorTitles":["loadDailyContent tamper detection"],"fullName":"loadDailyContent tamper detection marks a present-but-wrong checksum as tampered even when written_by is set","status":"passed","title":"marks a present-but-wrong checksum as tampered even when written_by is set","duration":103.74620000000004,"failureMessages":[],"meta":{},"tags":[]},{"ancestorTitles":["tamper rebuild path"],"fullName":"tamper rebuild path records evidence and rebuilds from the plan with a clean stamp","status":"passed","title":"records evidence and rebuilds from the plan with a clean stamp","duration":251.62260000000015,"failureMessages":[],"meta":{},"tags":[]},{"ancestorTitles":["tamper rebuild path"],"fullName":"tamper rebuild path does not write evidence for a clean writeDailyContent calendar","status":"passed","title":"does not write evidence for a clean writeDailyContent calendar","duration":626.0133000000001,"failureMessages":[],"meta":{},"tags":[]},{"ancestorTitles":["tamper rebuild path"],"fullName":"tamper rebuild path CLI --inspect-calendar exits 2 and prints shouldRebuild for a forged calendar","status":"passed","title":"CLI --inspect-calendar exits 2 and prints shouldRebuild for a forged calendar","duration":1596.5682000000002,"failureMessages":[],"meta":{},"tags":[]},{"ancestorTitles":["daily scripts rebuild on tamper"],"fullName":"daily scripts rebuild on tamper daily-approve inspects before auto-approve and force-rebuilds","status":"passed","title":"daily-approve inspects before auto-approve and force-rebuilds","duration":2.8710000000000946,"failureMessages":[],"meta":{},"tags":[]},{"ancestorTitles":["daily scripts rebuild on tamper"],"fullName":"daily scripts rebuild on tamper daily-generate inspects the existing-calendar branch before the images-ready exit","status":"passed","title":"daily-generate inspects the existing-calendar branch before the images-ready exit","duration":2.65940000000046,"failureMessages":[],"meta":{},"tags":[]},{"ancestorTitles":["checksum covers envelope and HMAC"],"fullName":"checksum covers envelope and HMAC marks a date, timezone, or generated_at change as tampered","status":"passed","title":"marks a date, timezone, or generated_at change as tampered","duration":14.57090000000062,"failureMessages":[],"meta":{},"tags":[]},{"ancestorTitles":["checksum covers envelope and HMAC"],"fullName":"checksum covers envelope and HMAC rejects a forged written_by plus recomputed keyless checksum","status":"passed","title":"rejects a forged written_by plus recomputed keyless checksum","duration":12.235599999999977,"failureMessages":[],"meta":{},"tags":[]},{"ancestorTitles":["checksum covers envelope and HMAC"],"fullName":"checksum covers envelope and HMAC mutation: keyless recompute only passes when HMAC is not applied","status":"passed","title":"mutation: keyless recompute only passes when HMAC is not applied","duration":11.249500000000808,"failureMessages":[],"meta":{},"tags":[]},{"ancestorTitles":["checksum covers envelope and HMAC"],"fullName":"checksum covers envelope and HMAC marks integrity weak when the HMAC key is missing and the keyless digest matches","status":"passed","title":"marks integrity weak when the HMAC key is missing and the keyless digest matches","duration":6.110599999999977,"failureMessages":[],"meta":{},"tags":[]},{"ancestorTitles":["tampered consumers fail closed"],"fullName":"tampered consumers fail closed autoApprove refuses a tampered calendar and writes no approval","status":"passed","title":"autoApprove refuses a tampered calendar and writes no approval","duration":51.55699999999979,"failureMessages":[],"meta":{},"tags":[]}],"startTime":1786984398603,"endTime":1786984401959.557,"status":"passed","message":"","name":"C:/Users/cyc39/Documents/New project 5/test/calendarTamperGuard.test.ts"},{"assertionResults":[{"ancestorTitles":["image prompts name the object the topic is about"],"fullName":"image prompts name the object the topic is about never asks for navy shoes on a white-shoe topic","status":"passed","title":"never asks for navy shoes on a white-shoe topic","duration":21.463799999999537,"failureMessages":[],"meta":{},"tags":[]},{"ancestorTitles":["caption quality"],"fullName":"caption quality never spends the fold line on the shop name","status":"passed","title":"never spends the fold line on the shop name","duration":9.946100000000115,"failureMessages":[],"meta":{},"tags":[]},{"ancestorTitles":["caption quality"],"fullName":"caption quality still says who the shop is","status":"passed","title":"still says who the shop is","duration":7.4880999999995765,"failureMessages":[],"meta":{},"tags":[]},{"ancestorTitles":["caption quality"],"fullName":"caption quality gives the reader the LINE ID the videos point at","status":"passed","title":"gives the reader the LINE ID the videos point at","duration":4.4408000000003085,"failureMessages":[],"meta":{},"tags":[]},{"ancestorTitles":["caption quality"],"fullName":"caption quality carries the tappable LINE redirect with source=post","status":"passed","title":"carries the tappable LINE redirect with source=post","duration":2.0356999999994514,"failureMessages":[],"meta":{},"tags":[]},{"ancestorTitles":["caption quality"],"fullName":"caption quality asks something answerable","status":"passed","title":"asks something answerable","duration":3.7112999999999374,"failureMessages":[],"meta":{},"tags":[]},{"ancestorTitles":["caption quality"],"fullName":"caption quality does not repeat one sentence across most of a month","status":"passed","title":"does not repeat one sentence across most of a month","duration":2.6507000000001426,"failureMessages":[],"meta":{},"tags":[]},{"ancestorTitles":["caption quality"],"fullName":"caption quality does not repeat a phrase inside a single caption","status":"passed","title":"does not repeat a phrase inside a single caption","duration":244.34050000000025,"failureMessages":[],"meta":{},"tags":[]},{"ancestorTitles":["caption quality"],"fullName":"caption quality does not open by asking the reader to photograph four things","status":"passed","title":"does not open by asking the reader to photograph four things","duration":1.9430999999995038,"failureMessages":[],"meta":{},"tags":[]},{"ancestorTitles":["caption quality"],"fullName":"caption quality keeps no filing label or boilerplate tail in the hook","status":"passed","title":"keeps no filing label or boilerplate tail in the hook","duration":4.119800000000396,"failureMessages":[],"meta":{},"tags":[]},{"ancestorTitles":["caption quality"],"fullName":"caption quality keeps one caption about one object","status":"passed","title":"keeps one caption about one object","duration":2.113199999999779,"failureMessages":[],"meta":{},"tags":[]},{"ancestorTitles":["caption quality"],"fullName":"caption quality routes Instagram readers to a direct message, never to the profile link","status":"passed","title":"routes Instagram readers to a direct message, never to the profile link","duration":1.5028999999994994,"failureMessages":[],"meta":{},"tags":[]}],"startTime":1786984408782,"endTime":1786984409091.503,"status":"passed","message":"","name":"C:/Users/cyc39/Documents/New project 5/test/captionQuality.test.ts"},{"assertionResults":[{"ancestorTitles":["carousel object passport"],"fullName":"carousel object passport locks 深色衣服 as a dark cotton tee and states that lock in the passport","status":"passed","title":"locks 深色衣服 as a dark cotton tee and states that lock in the passport","duration":4.5190000000000055,"failureMessages":[],"meta":{},"tags":[]},{"ancestorTitles":["carousel object passport"],"fullName":"carousel object passport puts the full passport and same-garment sentence on slides 2-4","status":"passed","title":"puts the full passport and same-garment sentence on slides 2-4","duration":3.8777000000000044,"failureMessages":[],"meta":{},"tags":[]},{"ancestorTitles":["carousel object passport"],"fullName":"carousel object passport locks the same pink-mat counter and wall family on every slide","status":"passed","title":"locks the same pink-mat counter and wall family on every slide","duration":1.094600000000014,"failureMessages":[],"meta":{},"tags":[]},{"ancestorTitles":["carousel narrative shots"],"fullName":"carousel narrative shots uses default closer / problem / after shots when the caption has no position list","status":"passed","title":"uses default closer / problem / after shots when the caption has no position list","duration":1.7355999999999767,"failureMessages":[],"meta":{},"tags":[]},{"ancestorTitles":["carousel narrative shots"],"fullName":"carousel narrative shots maps a numbered three-position caption onto slides 2-4 in order","status":"passed","title":"maps a numbered three-position caption onto slides 2-4 in order","duration":2.106300000000033,"failureMessages":[],"meta":{},"tags":[]},{"ancestorTitles":["carousel narrative shots"],"fullName":"carousel narrative shots maps an enumerated 三個位置 list onto the three later slides","status":"passed","title":"maps an enumerated 三個位置 list onto the three later slides","duration":0.9574999999999818,"failureMessages":[],"meta":{},"tags":[]},{"ancestorTitles":["carousel continuity mutation proof"],"fullName":"carousel continuity mutation proof fails the same checker after the passport prefix is stripped","status":"passed","title":"fails the same checker after the passport prefix is stripped","duration":1.8759000000000015,"failureMessages":[],"meta":{},"tags":[]},{"ancestorTitles":["carousel continuity mutation proof"],"fullName":"carousel continuity mutation proof fails the same checker after the same-garment sentence is stripped","status":"passed","title":"fails the same checker after the same-garment sentence is stripped","duration":1.359299999999962,"failureMessages":[],"meta":{},"tags":[]},{"ancestorTitles":["carousel continuity wiring through the daily builder"],"fullName":"carousel continuity wiring through the daily builder writes passport and same-garment into tomorrow's generated carousel_items","status":"passed","title":"writes passport and same-garment into tomorrow's generated carousel_items","duration":121.95389999999998,"failureMessages":[],"meta":{},"tags":[]}],"startTime":1786984404618,"endTime":1786984404757.9539,"status":"passed","message":"","name":"C:/Users/cyc39/Documents/New project 5/test/carouselContinuity.test.ts"},{"assertionResults":[{"ancestorTitles":["the concept cooldown"],"fullName":"the concept cooldown allows a concept whose last outing is exactly the cooldown away","status":"passed","title":"allows a concept whose last outing is exactly the cooldown away","duration":25.309999999999945,"failureMessages":[],"meta":{},"tags":[]},{"ancestorTitles":["the concept cooldown"],"fullName":"the concept cooldown refuses one used a day too recently","status":"passed","title":"refuses one used a day too recently","duration":25.571399999999926,"failureMessages":[],"meta":{},"tags":[]},{"ancestorTitles":["the concept cooldown"],"fullName":"the concept cooldown refuses yesterday's concept, which is what the rule is really for","status":"passed","title":"refuses yesterday's concept, which is what the rule is really for","duration":18.11979999999994,"failureMessages":[],"meta":{},"tags":[]}],"startTime":1786984405763,"endTime":1786984405832.1199,"status":"passed","message":"","name":"C:/Users/cyc39/Documents/New project 5/test/conceptCooldown.test.ts"},{"assertionResults":[{"ancestorTitles":["concept extensions"],"fullName":"concept extensions admits a valid batch and extends the schedule by one day","status":"passed","title":"admits a valid batch and extends the schedule by one day","duration":48.884700000000066,"failureMessages":[],"meta":{},"tags":[]},{"ancestorTitles":["concept extensions"],"fullName":"concept extensions rejects a narration that restates the hook","status":"passed","title":"rejects a narration that restates the hook","duration":13.987100000000055,"failureMessages":[],"meta":{},"tags":[]},{"ancestorTitles":["concept extensions"],"fullName":"concept extensions rejects a schedule gap and an id collision","status":"passed","title":"rejects a schedule gap and an id collision","duration":14.911600000000021,"failureMessages":[],"meta":{},"tags":[]},{"ancestorTitles":["concept extensions"],"fullName":"concept extensions treats a missing or corrupt file as no extensions at all","status":"passed","title":"treats a missing or corrupt file as no extensions at all","duration":11.663699999999949,"failureMessages":[],"meta":{},"tags":[]}],"startTime":1786984405501,"endTime":1786984405590.6638,"status":"passed","message":"","name":"C:/Users/cyc39/Documents/New project 5/test/conceptExtensions.test.ts"},{"assertionResults":[{"ancestorTitles":["DailyContent schema"],"fullName":"DailyContent schema builds complete primary slots plus optional noon reel slot","status":"passed","title":"builds complete primary slots plus optional noon reel slot","duration":25.974300000000085,"failureMessages":[],"meta":{},"tags":[]},{"ancestorTitles":["DailyContent schema"],"fullName":"DailyContent schema uses the 90-day growth playbook for dates in the active plan","status":"passed","title":"uses the 90-day growth playbook for dates in the active plan","duration":18.3121000000001,"failureMessages":[],"meta":{},"tags":[]},{"ancestorTitles":["DailyContent schema"],"fullName":"DailyContent schema keeps the 7/20 white-shirt guide as a real four-image carousel","status":"passed","title":"keeps the 7/20 white-shirt guide as a real four-image carousel","duration":31.718599999999924,"failureMessages":[],"meta":{},"tags":[]},{"ancestorTitles":["DailyContent schema"],"fullName":"DailyContent schema does not repeat planned topics across a 14-day content cycle","status":"passed","title":"does not repeat planned topics across a 14-day content cycle","duration":534.5348999999999,"failureMessages":[],"meta":{},"tags":[]},{"ancestorTitles":["DailyContent schema"],"fullName":"DailyContent schema turns new service search routes into natural customer-facing captions","status":"failed","title":"turns new service search routes into natural customer-facing captions","duration":6474.1975,"failureMessages":["Error: STACK_TRACE_ERROR\n    at task (file:///C:/Users/cyc39/Documents/New%20project%205/node_modules/@vitest/runner/dist/chunk-artifact.js:1784:27)\n    at Object.<anonymous> (file:///C:/Users/cyc39/Documents/New%20project%205/node_modules/@vitest/runner/dist/chunk-artifact.js:1817:16)\n    at Object.<anonymous> (file:///C:/Users/cyc39/Documents/New%20project%205/node_modules/@vitest/runner/dist/chunk-artifact.js:1563:28)\n    at chain (file:///C:/Users/cyc39/Documents/New%20project%205/node_modules/@vitest/runner/dist/chunk-artifact.js:599:14)\n    at C:/Users/cyc39/Documents/New project 5/test/dailyContent.test.ts:109:3\n    at file:///C:/Users/cyc39/Documents/New%20project%205/node_modules/@vitest/runner/dist/chunk-artifact.js:1889:40\n    at runWithSuite (file:///C:/Users/cyc39/Documents/New%20project%205/node_modules/@vitest/runner/dist/chunk-artifact.js:2258:8)\n    at Object.collect (file:///C:/Users/cyc39/Documents/New%20project%205/node_modules/@vitest/runner/dist/chunk-artifact.js:1889:10)\n    at Object.collect (file:///C:/Users/cyc39/Documents/New%20project%205/node_modules/@vitest/runner/dist/chunk-artifact.js:1893:54)\n    at processTicksAndRejections (node:internal/process/task_queues:104:5)"],"meta":{},"tags":[]},{"ancestorTitles":["DailyContent schema"],"fullName":"DailyContent schema keeps all 180 planned FB and IG captions publishable","status":"passed","title":"keeps all 180 planned FB and IG captions publishable","duration":3533.9765000000007,"failureMessages":[],"meta":{},"tags":[]}],"startTime":1786984398443,"endTime":1786984409062.9766,"status":"failed","message":"","name":"C:/Users/cyc39/Documents/New project 5/test/dailyContent.test.ts"},{"assertionResults":[{"ancestorTitles":["daily_progress ledger rewrite"],"fullName":"daily_progress ledger rewrite replaces only the rerun date and keeps a later date block","status":"passed","title":"replaces only the rerun date and keeps a later date block","duration":345.148,"failureMessages":[],"meta":{},"tags":[]},{"ancestorTitles":["daily_progress null vs measured zero"],"fullName":"daily_progress null vs measured zero keeps an all-zero IG row as measured zero, not null","status":"passed","title":"keeps an all-zero IG row as measured zero, not null","duration":595.4806000000001,"failureMessages":[],"meta":{},"tags":[]},{"ancestorTitles":["daily_progress null vs measured zero"],"fullName":"daily_progress null vs measured zero treats missing slots and missing audited as null, not 0/false","status":"passed","title":"treats missing slots and missing audited as null, not 0/false","duration":463.9896000000001,"failureMessages":[],"meta":{},"tags":[]},{"ancestorTitles":["daily_progress writers"],"fullName":"daily_progress writers uses temp-plus-replace for ledger and JSON","status":"passed","title":"uses temp-plus-replace for ledger and JSON","duration":1.1052999999997155,"failureMessages":[],"meta":{},"tags":[]}],"startTime":1786984398111,"endTime":1786984399519.1052,"status":"passed","message":"","name":"C:/Users/cyc39/Documents/New project 5/test/dailyProgress.test.ts"},{"assertionResults":[{"ancestorTitles":["posted-log video sha inventory"],"fullName":"posted-log video sha inventory treats a missing sha as an empty window, not a fabricated hash","status":"passed","title":"treats a missing sha as an empty window, not a fabricated hash","duration":48.31140000000005,"failureMessages":[],"meta":{},"tags":[]},{"ancestorTitles":["posted-log video sha inventory"],"fullName":"posted-log video sha inventory lists only live aired reels that already carry video_sha256","status":"passed","title":"lists only live aired reels that already carry video_sha256","duration":23.551300000000083,"failureMessages":[],"meta":{},"tags":[]},{"ancestorTitles":["posted-log video sha inventory"],"fullName":"posted-log video sha inventory uses CONCEPT_COOLDOWN_DAYS as the inclusive recent window","status":"passed","title":"uses CONCEPT_COOLDOWN_DAYS as the inclusive recent window","duration":308.7024999999999,"failureMessages":[],"meta":{},"tags":[]},{"ancestorTitles":["posted-log video sha inventory"],"fullName":"posted-log video sha inventory does not treat a cover fallback or a dry run as an aired reel","status":"passed","title":"does not treat a cover fallback or a dry run as an aired reel","duration":0.9259999999999309,"failureMessages":[],"meta":{},"tags":[]},{"ancestorTitles":["posted-log video sha inventory"],"fullName":"posted-log video sha inventory fills a historical posted-log hole from video-reviews when that date+slot actually aired (8/16 form)","status":"passed","title":"fills a historical posted-log hole from video-reviews when that date+slot actually aired (8/16 form)","duration":293.6825000000001,"failureMessages":[],"meta":{},"tags":[]},{"ancestorTitles":["posted-log video sha inventory"],"fullName":"posted-log video sha inventory does not list a reviewed file that never aired","status":"passed","title":"does not list a reviewed file that never aired","duration":120.26550000000043,"failureMessages":[],"meta":{},"tags":[]},{"ancestorTitles":["posted-log video sha inventory"],"fullName":"posted-log video sha inventory covers same-day different slot and uncertain status from the review sha","status":"passed","title":"covers same-day different slot and uncertain status from the review sha","duration":36.14499999999998,"failureMessages":[],"meta":{},"tags":[]},{"ancestorTitles":["resolveSlotPublishMedia duplicate video gate"],"fullName":"resolveSlotPublishMedia duplicate video gate defers the same mp4 when only the caption changed","status":"passed","title":"defers the same mp4 when only the caption changed","duration":42.32749999999987,"failureMessages":[],"meta":{},"tags":[]},{"ancestorTitles":["resolveSlotPublishMedia duplicate video gate"],"fullName":"resolveSlotPublishMedia duplicate video gate lets the same mp4 through when history has no sha field","status":"passed","title":"lets the same mp4 through when history has no sha field","duration":98.95429999999988,"failureMessages":[],"meta":{},"tags":[]},{"ancestorTitles":["resolveSlotPublishMedia duplicate video gate"],"fullName":"resolveSlotPublishMedia duplicate video gate does not defer a new file just because the caption matches an old airing","status":"passed","title":"does not defer a new file just because the caption matches an old airing","duration":479.2860999999998,"failureMessages":[],"meta":{},"tags":[]},{"ancestorTitles":["resolveSlotPublishMedia duplicate video gate"],"fullName":"resolveSlotPublishMedia duplicate video gate still defers a match CONCEPT_COOLDOWN_DAYS - 1 days ago and allows one at the cooldown edge","status":"passed","title":"still defers a match CONCEPT_COOLDOWN_DAYS - 1 days ago and allows one at the cooldown edge","duration":514.0542999999998,"failureMessages":[],"meta":{},"tags":[]},{"ancestorTitles":["resolveSlotPublishMedia duplicate video gate"],"fullName":"resolveSlotPublishMedia duplicate video gate does not defer a retry of the same date and slot","status":"passed","title":"does not defer a retry of the same date and slot","duration":223.11979999999994,"failureMessages":[],"meta":{},"tags":[]},{"ancestorTitles":["resolveSlotPublishMedia duplicate video gate"],"fullName":"resolveSlotPublishMedia duplicate video gate defers when another slot on the same day already aired the file","status":"passed","title":"defers when another slot on the same day already aired the file","duration":124.5300000000002,"failureMessages":[],"meta":{},"tags":[]},{"ancestorTitles":["resolveSlotPublishMedia duplicate video gate"],"fullName":"resolveSlotPublishMedia duplicate video gate defers the 8/16 form: live posted-log without sha, review file supplies it","status":"passed","title":"defers the 8/16 form: live posted-log without sha, review file supplies it","duration":306.02080000000024,"failureMessages":[],"meta":{},"tags":[]},{"ancestorTitles":["resolveSlotPublishMedia duplicate video gate"],"fullName":"resolveSlotPublishMedia duplicate video gate does not defer a file that was reviewed but never aired","status":"passed","title":"does not defer a file that was reviewed but never aired","duration":227.83600000000024,"failureMessages":[],"meta":{},"tags":[]},{"ancestorTitles":["resolveSlotPublishMedia duplicate video gate"],"fullName":"resolveSlotPublishMedia duplicate video gate defers a same-day different slot and an uncertain airing filled from reviews","status":"passed","title":"defers a same-day different slot and an uncertain airing filled from reviews","duration":961.7735000000002,"failureMessages":[],"meta":{},"tags":[]},{"ancestorTitles":["postCurrentSlot never stops the slot on a duplicate video"],"fullName":"postCurrentSlot never stops the slot on a duplicate video publishes the cover and records VIDEO_DEFERRED instead of throwing","status":"passed","title":"publishes the cover and records VIDEO_DEFERRED instead of throwing","duration":481.8073000000004,"failureMessages":[],"meta":{},"tags":[]},{"ancestorTitles":["postCurrentSlot never stops the slot on a duplicate video"],"fullName":"postCurrentSlot never stops the slot on a duplicate video publishes the cover when dual video review is missing","status":"passed","title":"publishes the cover when dual video review is missing","duration":406.39420000000064,"failureMessages":[],"meta":{},"tags":[]},{"ancestorTitles":["postCurrentSlot never stops the slot on a duplicate video"],"fullName":"postCurrentSlot never stops the slot on a duplicate video publishes the cover when the 8/16 historical review sha matches","status":"passed","title":"publishes the cover when the 8/16 historical review sha matches","duration":816.0646999999999,"failureMessages":[],"meta":{},"tags":[]},{"ancestorTitles":["postCurrentSlot never stops the slot on a duplicate video"],"fullName":"postCurrentSlot never stops the slot on a duplicate video writes video_sha256 when a new reel actually publishes","status":"passed","title":"writes video_sha256 when a new reel actually publishes","duration":827.6463000000003,"failureMessages":[],"meta":{},"tags":[]},{"ancestorTitles":["duplicate video gate wiring"],"fullName":"duplicate video gate wiring imports CONCEPT_COOLDOWN_DAYS and does not keep a second window number","status":"passed","title":"imports CONCEPT_COOLDOWN_DAYS and does not keep a second window number","duration":5.313600000000406,"failureMessages":[],"meta":{},"tags":[]}],"startTime":1786984398681,"endTime":1786984405030.3137,"status":"passed","message":"","name":"C:/Users/cyc39/Documents/New project 5/test/duplicateVideoGate.test.ts"},{"assertionResults":[{"ancestorTitles":["paused evening slot uses playbook 圖文, not a legacy reel"],"fullName":"paused evening slot uses playbook 圖文, not a legacy reel rebuilds 2026-08-18 slot 2 as 圖文 with a shop-scene prompt that misses the 15-day window","status":"passed","title":"rebuilds 2026-08-18 slot 2 as 圖文 with a shop-scene prompt that misses the 15-day window","duration":418.7261,"failureMessages":[],"meta":{},"tags":[]},{"ancestorTitles":["paused evening slot uses playbook 圖文, not a legacy reel"],"fullName":"paused evening slot uses playbook 圖文, not a legacy reel does not treat an unpaused evening as 圖文 just because the playbook can emit one","status":"passed","title":"does not treat an unpaused evening as 圖文 just because the playbook can emit one","duration":47.26440000000002,"failureMessages":[],"meta":{},"tags":[]},{"ancestorTitles":["paused evening slot uses playbook 圖文, not a legacy reel"],"fullName":"paused evening slot uses playbook 圖文, not a legacy reel swaps a paused-evening topic that already sits inside the 15-day window","status":"passed","title":"swaps a paused-evening topic that already sits inside the 15-day window","duration":71.98430000000008,"failureMessages":[],"meta":{},"tags":[]},{"ancestorTitles":["reel cover manifest is a copy or a shop-scene generation"],"fullName":"reel cover manifest is a copy or a shop-scene generation records the before-still path instead of a bare subject prompt","status":"passed","title":"records the before-still path instead of a bare subject prompt","duration":1.0317000000000007,"failureMessages":[],"meta":{},"tags":[]},{"ancestorTitles":["reel cover manifest is a copy or a shop-scene generation"],"fullName":"reel cover manifest is a copy or a shop-scene generation wraps a generated cover in SHARED_STILL_PROMPT when no before still exists","status":"passed","title":"wraps a generated cover in SHARED_STILL_PROMPT when no before still exists","duration":1.2070999999998548,"failureMessages":[],"meta":{},"tags":[]},{"ancestorTitles":["reel cover manifest is a copy or a shop-scene generation"],"fullName":"reel cover manifest is a copy or a shop-scene generation writes that source onto the live manifest when the before still is present","status":"passed","title":"writes that source onto the live manifest when the before still is present","duration":282.3767,"failureMessages":[],"meta":{},"tags":[]}],"startTime":1786984399549,"endTime":1786984400372.3767,"status":"passed","message":"","name":"C:/Users/cyc39/Documents/New project 5/test/eveningPausedSlot.test.ts"},{"assertionResults":[{"ancestorTitles":["Facebook post insights client"],"fullName":"Facebook post insights client collects current view metrics and engagement summaries without exposing the token in URLs","status":"passed","title":"collects current view metrics and engagement summaries without exposing the token in URLs","duration":204.92560000000003,"failureMessages":[],"meta":{},"tags":[]},{"ancestorTitles":["Facebook post insights client"],"fullName":"Facebook post insights client preserves empty Meta insight data as null instead of zero","status":"passed","title":"preserves empty Meta insight data as null instead of zero","duration":117.76970000000006,"failureMessages":[],"meta":{},"tags":[]},{"ancestorTitles":["Facebook post insights client"],"fullName":"Facebook post insights client writes reports to the Facebook insights directory","status":"passed","title":"writes reports to the Facebook insights directory","duration":5.3810000000000855,"failureMessages":[],"meta":{},"tags":[]}],"startTime":1786984401329,"endTime":1786984401657.381,"status":"passed","message":"","name":"C:/Users/cyc39/Documents/New project 5/test/facebookInsights.test.ts"},{"assertionResults":[{"ancestorTitles":["unattended approval fails closed"],"fullName":"unattended approval fails closed refuses a day with no publishing policy and writes no approval record","status":"passed","title":"refuses a day with no publishing policy and writes no approval record","duration":200.30939999999998,"failureMessages":[],"meta":{},"tags":[]},{"ancestorTitles":["unattended approval fails closed"],"fullName":"unattended approval fails closed approves the healthy slot when only the other slot is broken","status":"passed","title":"approves the healthy slot when only the other slot is broken","duration":350.5737999999999,"failureMessages":[],"meta":{},"tags":[]},{"ancestorTitles":["scheduling a reel"],"fullName":"scheduling a reel stops on a missing reel file before writing anything","status":"passed","title":"stops on a missing reel file before writing anything","duration":38.15390000000002,"failureMessages":[],"meta":{},"tags":[]},{"ancestorTitles":["scheduling a reel"],"fullName":"scheduling a reel rejects an unknown concept by name","status":"passed","title":"rejects an unknown concept by name","duration":3.1277999999999793,"failureMessages":[],"meta":{},"tags":[]}],"startTime":1786984403666,"endTime":1786984404259.1277,"status":"passed","message":"","name":"C:/Users/cyc39/Documents/New project 5/test/failClosed.test.ts"},{"assertionResults":[{"ancestorTitles":["commentTextFor utm wiring"],"fullName":"commentTextFor utm wiring 輸出含 utm 三件組;拔注入 → 紅","status":"passed","title":"輸出含 utm 三件組;拔注入 → 紅","duration":4.3723999999999705,"failureMessages":[],"meta":{},"tags":[]},{"ancestorTitles":["firstComment LINE source stays ig-comment"],"fullName":"firstComment LINE source stays ig-comment 頭香維持 /go/line.html?source=ig-comment,不得改成 source=post","status":"passed","title":"頭香維持 /go/line.html?source=ig-comment,不得改成 source=post","duration":1.0837999999999965,"failureMessages":[],"meta":{},"tags":[]}],"startTime":1786984407408,"endTime":1786984407414.0837,"status":"passed","message":"","name":"C:/Users/cyc39/Documents/New project 5/test/firstComment.test.ts"},{"assertionResults":[{"ancestorTitles":["ga4 line_click reader"],"fullName":"ga4 line_click reader refuses to report zero when the read side is not configured","status":"passed","title":"refuses to report zero when the read side is not configured","duration":13.11239999999998,"failureMessages":[],"meta":{},"tags":[]},{"ancestorTitles":["ga4 line_click reader"],"fullName":"ga4 line_click reader marks the ledger day unmeasured rather than writing zeros","status":"passed","title":"marks the ledger day unmeasured rather than writing zeros","duration":11.98210000000006,"failureMessages":[],"meta":{},"tags":[]},{"ancestorTitles":["ga4 line_click reader"],"fullName":"ga4 line_click reader breaks a configured day down by source, largest first","status":"passed","title":"breaks a configured day down by source, largest first","duration":191.93200000000002,"failureMessages":[],"meta":{},"tags":[]},{"ancestorTitles":["ga4 line_click reader"],"fullName":"ga4 line_click reader records a measured day into the ledger and says so","status":"passed","title":"records a measured day into the ledger and says so","duration":17.861000000000104,"failureMessages":[],"meta":{},"tags":[]},{"ancestorTitles":["ga4 line_click reader"],"fullName":"ga4 line_click reader treats an API error as unmeasured, not as zero clicks","status":"passed","title":"treats an API error as unmeasured, not as zero clicks","duration":108.37889999999993,"failureMessages":[],"meta":{},"tags":[]}],"startTime":1786984404383,"endTime":1786984404727.379,"status":"passed","message":"","name":"C:/Users/cyc39/Documents/New project 5/test/ga4Report.test.ts"},{"assertionResults":[{"ancestorTitles":["GBP weekly post"],"fullName":"GBP weekly post 組稿含 gbp utm 三件組、公開 https 媒體、summary 不超過 API 上限","status":"failed","title":"組稿含 gbp utm 三件組、公開 https 媒體、summary 不超過 API 上限","duration":56.081500000000005,"failureMessages":["AssertionError: expected 'https://sixiangjialaundry.com/go/line…' to be 'https://39211.github.io/go/line.html?…' // Object.is equality\n    at C:/Users/cyc39/Documents/New project 5/test/gbpPost.test.ts:135:29\n    at file:///C:/Users/cyc39/Documents/New%20project%205/node_modules/@vitest/runner/dist/chunk-artifact.js:1903:20"],"meta":{},"tags":[]},{"ancestorTitles":["GBP weekly post"],"fullName":"GBP weekly post 有 engagement 數據時選最高者，而不是最新一則","status":"passed","title":"有 engagement 數據時選最高者，而不是最新一則","duration":29.354299999999967,"failureMessages":[],"meta":{},"tags":[]},{"ancestorTitles":["GBP weekly post"],"fullName":"GBP weekly post 無 engagement 數據時改取最新已發 slot","status":"passed","title":"無 engagement 數據時改取最新已發 slot","duration":48.92039999999997,"failureMessages":[],"meta":{},"tags":[]},{"ancestorTitles":["GBP weekly post"],"fullName":"GBP weekly post dry-run 寫出完整 payload + 預覽，且不呼叫 fetch","status":"passed","title":"dry-run 寫出完整 payload + 預覽，且不呼叫 fetch","duration":49.67789999999991,"failureMessages":[],"meta":{},"tags":[]},{"ancestorTitles":["GBP weekly post"],"fullName":"GBP weekly post CLI 預設乾跑；--publish 才走實發","status":"passed","title":"CLI 預設乾跑；--publish 才走實發","duration":4.862699999999904,"failureMessages":[],"meta":{},"tags":[]},{"ancestorTitles":["mutation 1: 拔 utm → 紅"],"fullName":"mutation 1: 拔 utm → 紅 組稿 CTA 必須等於 utmTagged(source=gbp)；拔掉三件組後同一斷言為假","status":"failed","title":"組稿 CTA 必須等於 utmTagged(source=gbp)；拔掉三件組後同一斷言為假","duration":3.1755000000000564,"failureMessages":["AssertionError: expected 'https://sixiangjialaundry.com/go/line…' to be 'https://39211.github.io/go/line.html?…' // Object.is equality\n    at C:/Users/cyc39/Documents/New project 5/test/gbpPost.test.ts:273:20\n    at file:///C:/Users/cyc39/Documents/New%20project%205/node_modules/@vitest/runner/dist/chunk-artifact.js:302:11\n    at file:///C:/Users/cyc39/Documents/New%20project%205/node_modules/@vitest/runner/dist/chunk-artifact.js:1903:26\n    at file:///C:/Users/cyc39/Documents/New%20project%205/node_modules/@vitest/runner/dist/chunk-artifact.js:2326:20\n    at new Promise (<anonymous>)\n    at runWithCancel (file:///C:/Users/cyc39/Documents/New%20project%205/node_modules/@vitest/runner/dist/chunk-artifact.js:2323:10)\n    at file:///C:/Users/cyc39/Documents/New%20project%205/node_modules/@vitest/runner/dist/chunk-artifact.js:2305:20\n    at new Promise (<anonymous>)\n    at runWithTimeout (file:///C:/Users/cyc39/Documents/New%20project%205/node_modules/@vitest/runner/dist/chunk-artifact.js:2272:10)\n    at file:///C:/Users/cyc39/Documents/New%20project%205/node_modules/@vitest/runner/dist/chunk-artifact.js:2955:64"],"meta":{},"tags":[]},{"ancestorTitles":["mutation 2: summary 超長不截 → 紅"],"fullName":"mutation 2: summary 超長不截 → 紅 超過 1500 的正文必須截到上限並保住 CTA；不截的原文會超過上限","status":"failed","title":"超過 1500 的正文必須截到上限並保住 CTA；不截的原文會超過上限","duration":2.5091999999999643,"failureMessages":["AssertionError: expected 'https://sixiangjialaundry.com/go/line…' to be 'https://39211.github.io/go/line.html?…' // Object.is equality\n    at C:/Users/cyc39/Documents/New project 5/test/gbpPost.test.ts:296:20\n    at file:///C:/Users/cyc39/Documents/New%20project%205/node_modules/@vitest/runner/dist/chunk-artifact.js:302:11\n    at file:///C:/Users/cyc39/Documents/New%20project%205/node_modules/@vitest/runner/dist/chunk-artifact.js:1903:26\n    at file:///C:/Users/cyc39/Documents/New%20project%205/node_modules/@vitest/runner/dist/chunk-artifact.js:2326:20\n    at new Promise (<anonymous>)\n    at runWithCancel (file:///C:/Users/cyc39/Documents/New%20project%205/node_modules/@vitest/runner/dist/chunk-artifact.js:2323:10)\n    at file:///C:/Users/cyc39/Documents/New%20project%205/node_modules/@vitest/runner/dist/chunk-artifact.js:2305:20\n    at new Promise (<anonymous>)\n    at runWithTimeout (file:///C:/Users/cyc39/Documents/New%20project%205/node_modules/@vitest/runner/dist/chunk-artifact.js:2272:10)\n    at file:///C:/Users/cyc39/Documents/New%20project%205/node_modules/@vitest/runner/dist/chunk-artifact.js:2955:64"],"meta":{},"tags":[]},{"ancestorTitles":["mutation 3: 缺 GBP_ACCOUNT_ID 時 --publish 不得默默成功"],"fullName":"mutation 3: 缺 GBP_ACCOUNT_ID 時 --publish 不得默默成功 --publish 缺 GBP_ACCOUNT_ID 必須丟錯，且不得打 API","status":"passed","title":"--publish 缺 GBP_ACCOUNT_ID 必須丟錯，且不得打 API","duration":17.398500000000013,"failureMessages":[],"meta":{},"tags":[]},{"ancestorTitles":["gbpAuth 429/401 分類"],"fullName":"gbpAuth 429/401 分類 429 → rate_limited；401 → unauthorized；回包裡的 token 不得進錯誤字串","status":"passed","title":"429 → rate_limited；401 → unauthorized；回包裡的 token 不得進錯誤字串","duration":91.79830000000015,"failureMessages":[],"meta":{},"tags":[]},{"ancestorTitles":["gbpAuth 429/401 分類"],"fullName":"gbpAuth 429/401 分類 缺 refresh token 明確報缺，不打 token endpoint","status":"passed","title":"缺 refresh token 明確報缺，不打 token endpoint","duration":8.88760000000002,"failureMessages":[],"meta":{},"tags":[]}],"startTime":1786984398579,"endTime":1786984398892.8877,"status":"failed","message":"","name":"C:/Users/cyc39/Documents/New project 5/test/gbpPost.test.ts"},{"assertionResults":[{"ancestorTitles":["generate-missing-images inventory"],"fullName":"generate-missing-images inventory judges completeness from generate-image-manifest --list-missing, not a self-scan of the manifest","status":"passed","title":"judges completeness from generate-image-manifest --list-missing, not a self-scan of the manifest","duration":11.179499999999962,"failureMessages":[],"meta":{},"tags":[]},{"ancestorTitles":["generate-missing-images inventory"],"fullName":"generate-missing-images inventory runs carousel QA for already-complete slots and on -QaOnly","status":"passed","title":"runs carousel QA for already-complete slots and on -QaOnly","duration":2.8595000000000255,"failureMessages":[],"meta":{},"tags":[]}],"startTime":1786984406498,"endTime":1786984406512.8596,"status":"passed","message":"","name":"C:/Users/cyc39/Documents/New project 5/test/generateMissingImages.test.ts"},{"assertionResults":[{"ancestorTitles":["loadGenerationAuthorization fails closed"],"fullName":"loadGenerationAuthorization fails closed refuses when data/publishing-policy.json does not exist","status":"passed","title":"refuses when data/publishing-policy.json does not exist","duration":11.147199999999998,"failureMessages":[],"meta":{},"tags":[]},{"ancestorTitles":["loadGenerationAuthorization fails closed"],"fullName":"loadGenerationAuthorization fails closed refuses when the policy file is unreadable JSON","status":"passed","title":"refuses when the policy file is unreadable JSON","duration":9.660100000000057,"failureMessages":[],"meta":{},"tags":[]},{"ancestorTitles":["loadGenerationAuthorization fails closed"],"fullName":"loadGenerationAuthorization fails closed refuses the live policy shape that has no paid_video_budget block","status":"passed","title":"refuses the live policy shape that has no paid_video_budget block","duration":42.63749999999993,"failureMessages":[],"meta":{},"tags":[]},{"ancestorTitles":["loadGenerationAuthorization fails closed"],"fullName":"loadGenerationAuthorization fails closed refuses while the brake is tripped","status":"passed","title":"refuses while the brake is tripped","duration":10.907400000000052,"failureMessages":[],"meta":{},"tags":[]},{"ancestorTitles":["loadGenerationAuthorization fails closed"],"fullName":"loadGenerationAuthorization fails closed treats a missing tripped field as tripped, not as clear","status":"passed","title":"treats a missing tripped field as tripped, not as clear","duration":10.266899999999964,"failureMessages":[],"meta":{},"tags":[]},{"ancestorTitles":["loadGenerationAuthorization fails closed"],"fullName":"loadGenerationAuthorization fails closed refuses an anonymous grant","status":"passed","title":"refuses an anonymous grant","duration":12.410399999999981,"failureMessages":[],"meta":{},"tags":[]},{"ancestorTitles":["loadGenerationAuthorization fails closed"],"fullName":"loadGenerationAuthorization fails closed refuses a date after the grant expires","status":"passed","title":"refuses a date after the grant expires","duration":8.276299999999992,"failureMessages":[],"meta":{},"tags":[]},{"ancestorTitles":["loadGenerationAuthorization fails closed"],"fullName":"loadGenerationAuthorization fails closed refuses a grant with no expiry at all","status":"passed","title":"refuses a grant with no expiry at all","duration":14.621999999999957,"failureMessages":[],"meta":{},"tags":[]},{"ancestorTitles":["loadGenerationAuthorization fails closed"],"fullName":"loadGenerationAuthorization fails closed refuses a date before the grant was given","status":"passed","title":"refuses a date before the grant was given","duration":11.914600000000064,"failureMessages":[],"meta":{},"tags":[]},{"ancestorTitles":["loadGenerationAuthorization fails closed"],"fullName":"loadGenerationAuthorization fails closed refuses a zero-call budget","status":"passed","title":"refuses a zero-call budget","duration":73.87639999999999,"failureMessages":[],"meta":{},"tags":[]},{"ancestorTitles":["loadGenerationAuthorization fails closed"],"fullName":"loadGenerationAuthorization fails closed authorizes a complete, untripped, unexpired grant","status":"passed","title":"authorizes a complete, untripped, unexpired grant","duration":11.798299999999927,"failureMessages":[],"meta":{},"tags":[]},{"ancestorTitles":["the ledger spends the budget"],"fullName":"the ledger spends the budget counts a completed call as its start and end lines","status":"passed","title":"counts a completed call as its start and end lines","duration":12.509500000000003,"failureMessages":[],"meta":{},"tags":[]},{"ancestorTitles":["the ledger spends the budget"],"fullName":"the ledger spends the budget counts a crashed call (start line only) as spent budget","status":"passed","title":"counts a crashed call (start line only) as spent budget","duration":9.657400000000052,"failureMessages":[],"meta":{},"tags":[]},{"ancestorTitles":["the ledger spends the budget"],"fullName":"the ledger spends the budget refuses once the ledger reaches max_calls","status":"passed","title":"refuses once the ledger reaches max_calls","duration":12.539200000000164,"failureMessages":[],"meta":{},"tags":[]},{"ancestorTitles":["the video candidate manifest publishes the read, not an assertion"],"fullName":"the video candidate manifest publishes the read, not an assertion marks every item blocked when no budget grant exists","status":"passed","title":"marks every item blocked when no budget grant exists","duration":321.37390000000005,"failureMessages":[],"meta":{},"tags":[]},{"ancestorTitles":["the video candidate manifest publishes the read, not an assertion"],"fullName":"the video candidate manifest publishes the read, not an assertion marks every item generation_ready under a valid grant","status":"passed","title":"marks every item generation_ready under a valid grant","duration":129.75300000000016,"failureMessages":[],"meta":{},"tags":[]},{"ancestorTitles":["the video candidate manifest publishes the read, not an assertion"],"fullName":"the video candidate manifest publishes the read, not an assertion flips the same day from ready to blocked when the brake trips","status":"passed","title":"flips the same day from ready to blocked when the brake trips","duration":478.4806000000001,"failureMessages":[],"meta":{},"tags":[]}],"startTime":1786984403163,"endTime":1786984404346.4807,"status":"passed","message":"","name":"C:/Users/cyc39/Documents/New project 5/test/generationAuthorization.test.ts"},{"assertionResults":[{"ancestorTitles":["GitHub Pages URL builder"],"fullName":"GitHub Pages URL builder maps docs assets to the public Pages root","status":"passed","title":"maps docs assets to the public Pages root","duration":3.8777999999999793,"failureMessages":[],"meta":{},"tags":[]},{"ancestorTitles":["GitHub Pages URL builder"],"fullName":"GitHub Pages URL builder maps Reel assets to a public MP4 URL","status":"passed","title":"maps Reel assets to a public MP4 URL","duration":0.6110999999999649,"failureMessages":[],"meta":{},"tags":[]},{"ancestorTitles":["GitHub Pages URL builder"],"fullName":"GitHub Pages URL builder maps carousel slides without changing the legacy cover URL","status":"passed","title":"maps carousel slides without changing the legacy cover URL","duration":0.5336999999999534,"failureMessages":[],"meta":{},"tags":[]},{"ancestorTitles":["GitHub Pages URL builder"],"fullName":"GitHub Pages URL builder accepts both Netlify root domains and GitHub Pages path domains as public bases","status":"passed","title":"accepts both Netlify root domains and GitHub Pages path domains as public bases","duration":0.5528999999999087,"failureMessages":[],"meta":{},"tags":[]}],"startTime":1786984406064,"endTime":1786984406069.553,"status":"passed","message":"","name":"C:/Users/cyc39/Documents/New project 5/test/githubPages.test.ts"},{"assertionResults":[{"ancestorTitles":["official Grok video workflow"],"fullName":"official Grok video workflow builds the official 10-second 720p vertical request","status":"passed","title":"builds the official 10-second 720p vertical request","duration":5.115799999999922,"failureMessages":[],"meta":{},"tags":[]},{"ancestorTitles":["official Grok video workflow"],"fullName":"official Grok video workflow requires explicit paid billing acknowledgement before any API call","status":"passed","title":"requires explicit paid billing acknowledgement before any API call","duration":210.78380000000004,"failureMessages":[],"meta":{},"tags":[]},{"ancestorTitles":["official Grok video workflow"],"fullName":"official Grok video workflow reuses a trusted project env without copying or exposing its xAI key","status":"passed","title":"reuses a trusted project env without copying or exposing its xAI key","duration":6.355599999999981,"failureMessages":[],"meta":{},"tags":[]},{"ancestorTitles":["official Grok video workflow"],"fullName":"official Grok video workflow accepts normalized Meta Reel metadata and rejects wrong aspect ratios","status":"passed","title":"accepts normalized Meta Reel metadata and rejects wrong aspect ratios","duration":1.2771999999999935,"failureMessages":[],"meta":{},"tags":[]}],"startTime":1786984404672,"endTime":1786984404895.277,"status":"passed","message":"","name":"C:/Users/cyc39/Documents/New project 5/test/grokVideo.test.ts"},{"assertionResults":[{"ancestorTitles":["growth playbook"],"fullName":"growth playbook builds a continuous 90-day, 2-slot plan with required growth fields","status":"passed","title":"builds a continuous 90-day, 2-slot plan with required growth fields","duration":263.732,"failureMessages":[],"meta":{},"tags":[]},{"ancestorTitles":["growth playbook"],"fullName":"growth playbook enforces one reach-answer and one evidence-conversion role on every day","status":"passed","title":"enforces one reach-answer and one evidence-conversion role on every day","duration":5.562099999999987,"failureMessages":[],"meta":{},"tags":[]},{"ancestorTitles":["growth playbook"],"fullName":"growth playbook adds the unpublished four-image plus companion-video package from 2026-07-29 onward","status":"passed","title":"adds the unpublished four-image plus companion-video package from 2026-07-29 onward","duration":19.23980000000006,"failureMessages":[],"meta":{},"tags":[]},{"ancestorTitles":["growth playbook"],"fullName":"growth playbook keeps planned topics unique per slot across 90 days","status":"passed","title":"keeps planned topics unique per slot across 90 days","duration":3.1859000000000606,"failureMessages":[],"meta":{},"tags":[]},{"ancestorTitles":["growth playbook"],"fullName":"growth playbook does not concentrate both daily slots on the same service after the locked opening dates","status":"passed","title":"does not concentrate both daily slots on the same service after the locked opening dates","duration":5.263900000000035,"failureMessages":[],"meta":{},"tags":[]},{"ancestorTitles":["growth playbook"],"fullName":"growth playbook keeps final targets within reach of the measured rate and includes major poster nodes","status":"passed","title":"keeps final targets within reach of the measured rate and includes major poster nodes","duration":2.9913999999999987,"failureMessages":[],"meta":{},"tags":[]},{"ancestorTitles":["growth playbook"],"fullName":"growth playbook keeps the first four scheduled days stable while adding all new service search routes","status":"passed","title":"keeps the first four scheduled days stable while adding all new service search routes","duration":8.512499999999932,"failureMessages":[],"meta":{},"tags":[]}],"startTime":1786984404389,"endTime":1786984404698.5125,"status":"passed","message":"","name":"C:/Users/cyc39/Documents/New project 5/test/growthPlaybook.test.ts"},{"assertionResults":[{"ancestorTitles":["GSC performance analysis"],"fullName":"GSC performance analysis parses strict quoted CSV and preserves empty values separately from zero","status":"passed","title":"parses strict quoted CSV and preserves empty values separately from zero","duration":7.992899999999963,"failureMessages":[],"meta":{},"tags":[]},{"ancestorTitles":["GSC performance analysis"],"fullName":"GSC performance analysis blocks page-edit recommendations until query and page share the same row","status":"passed","title":"blocks page-edit recommendations until query and page share the same row","duration":23.07319999999993,"failureMessages":[],"meta":{},"tags":[]},{"ancestorTitles":["GSC performance analysis"],"fullName":"GSC performance analysis uses paired rows, canonical URLs, and service clusters for bounded recommendations","status":"passed","title":"uses paired rows, canonical URLs, and service clusters for bounded recommendations","duration":4.062600000000089,"failureMessages":[],"meta":{},"tags":[]},{"ancestorTitles":["GSC performance analysis"],"fullName":"GSC performance analysis requires a full seven-day observation window after a page change","status":"passed","title":"requires a full seven-day observation window after a page change","duration":2.115099999999984,"failureMessages":[],"meta":{},"tags":[]},{"ancestorTitles":["GSC performance analysis"],"fullName":"GSC performance analysis classifies brand and each requested laundry service separately","status":"passed","title":"classifies brand and each requested laundry service separately","duration":0.9834999999999354,"failureMessages":[],"meta":{},"tags":[]},{"ancestorTitles":["GSC performance analysis"],"fullName":"GSC performance analysis fails closed on impossible missing metrics","status":"passed","title":"fails closed on impossible missing metrics","duration":0.7407000000000608,"failureMessages":[],"meta":{},"tags":[]},{"ancestorTitles":["GSC performance analysis"],"fullName":"GSC performance analysis fails closed on impossible clicks exceed impressions metrics","status":"passed","title":"fails closed on impossible clicks exceed impressions metrics","duration":0.5488000000000284,"failureMessages":[],"meta":{},"tags":[]},{"ancestorTitles":["GSC performance analysis"],"fullName":"GSC performance analysis fails closed on impossible CTR exceeds 100 metrics","status":"passed","title":"fails closed on impossible CTR exceeds 100 metrics","duration":0.510599999999954,"failureMessages":[],"meta":{},"tags":[]},{"ancestorTitles":["GSC performance analysis"],"fullName":"GSC performance analysis fails closed on impossible position zero metrics","status":"passed","title":"fails closed on impossible position zero metrics","duration":0.5289000000000215,"failureMessages":[],"meta":{},"tags":[]},{"ancestorTitles":["GSC performance analysis"],"fullName":"GSC performance analysis fails closed on impossible inconsistent CTR metrics","status":"passed","title":"fails closed on impossible inconsistent CTR metrics","duration":0.5783000000000129,"failureMessages":[],"meta":{},"tags":[]},{"ancestorTitles":["GSC performance analysis"],"fullName":"GSC performance analysis fails closed on malformed headers, rows, duplicate filters, and canonical cycles","status":"passed","title":"fails closed on malformed headers, rows, duplicate filters, and canonical cycles","duration":1.1626999999999725,"failureMessages":[],"meta":{},"tags":[]},{"ancestorTitles":["GSC performance analysis"],"fullName":"GSC performance analysis fails closed on empty query/page exports and treats an empty paired export as unavailable","status":"passed","title":"fails closed on empty query/page exports and treats an empty paired export as unavailable","duration":1.2518999999999778,"failureMessages":[],"meta":{},"tags":[]},{"ancestorTitles":["GSC performance analysis"],"fullName":"GSC performance analysis reads the export directory and writes the versioned report through the CLI","status":"passed","title":"reads the export directory and writes the versioned report through the CLI","duration":83.29079999999999,"failureMessages":[],"meta":{},"tags":[]}],"startTime":1786984405060,"endTime":1786984405187.2908,"status":"passed","message":"","name":"C:/Users/cyc39/Documents/New project 5/test/gscPerformance.test.ts"},{"assertionResults":[{"ancestorTitles":["healOneSlot respects invalidate refusals"],"fullName":"healOneSlot respects invalidate refusals keeps reading the invalidate report so dropping that read turns the suite red","status":"passed","title":"keeps reading the invalidate report so dropping that read turns the suite red","duration":11.63650000000007,"failureMessages":[],"meta":{},"tags":[]},{"ancestorTitles":["healOneSlot respects invalidate refusals"],"fullName":"healOneSlot respects invalidate refusals stops on approved-log and writes nothing","status":"passed","title":"stops on approved-log and writes nothing","duration":427.8819000000001,"failureMessages":[],"meta":{},"tags":[]},{"ancestorTitles":["healOneSlot respects invalidate refusals"],"fullName":"healOneSlot respects invalidate refusals stops on posted-log and writes nothing","status":"passed","title":"stops on posted-log and writes nothing","duration":102.68339999999989,"failureMessages":[],"meta":{},"tags":[]},{"ancestorTitles":["healOneSlot respects invalidate refusals"],"fullName":"healOneSlot respects invalidate refusals stops on day-lock and writes nothing","status":"passed","title":"stops on day-lock and writes nothing","duration":102.08809999999994,"failureMessages":[],"meta":{},"tags":[]},{"ancestorTitles":["healOneSlot respects invalidate refusals"],"fullName":"healOneSlot respects invalidate refusals stops on protected-reel and writes nothing","status":"passed","title":"stops on protected-reel and writes nothing","duration":109.87279999999987,"failureMessages":[],"meta":{},"tags":[]},{"ancestorTitles":["healOneSlot respects invalidate refusals"],"fullName":"healOneSlot respects invalidate refusals stops on A1-refusal and writes nothing","status":"passed","title":"stops on A1-refusal and writes nothing","duration":131.15660000000003,"failureMessages":[],"meta":{},"tags":[]},{"ancestorTitles":["prefix-only Reel topic uses topicIdentity"],"fullName":"prefix-only Reel topic uses topicIdentity treats a canonical prefix on an otherwise matching Reel as already matched","status":"passed","title":"treats a canonical prefix on an otherwise matching Reel as already matched","duration":206.99509999999987,"failureMessages":[],"meta":{},"tags":[]},{"ancestorTitles":["2026-08-17 daily-approve includes heal-reel-slot in order"],"fullName":"2026-08-17 daily-approve includes heal-reel-slot in order runs day-lock heal, then heal-reel-slot, then auto-approve","status":"passed","title":"runs day-lock heal, then heal-reel-slot, then auto-approve","duration":338.6412,"failureMessages":[],"meta":{},"tags":[]}],"startTime":1786984400937,"endTime":1786984402369.641,"status":"passed","message":"","name":"C:/Users/cyc39/Documents/New project 5/test/healRespectsRefusal.test.ts"},{"assertionResults":[{"ancestorTitles":["image prompt realism"],"fullName":"image prompt realism asks for honest wear on every freshly built prompt","status":"passed","title":"asks for honest wear on every freshly built prompt","duration":1384.5279,"failureMessages":[],"meta":{},"tags":[]},{"ancestorTitles":["image prompt realism"],"fullName":"image prompt realism rewrites the retired boutique styling out of stored calendar prompts","status":"passed","title":"rewrites the retired boutique styling out of stored calendar prompts","duration":1.477100000000064,"failureMessages":[],"meta":{},"tags":[]},{"ancestorTitles":["image prompt realism"],"fullName":"image prompt realism leaves already-clean prompts alone","status":"passed","title":"leaves already-clean prompts alone","duration":0.671100000000024,"failureMessages":[],"meta":{},"tags":[]}],"startTime":1786984399957,"endTime":1786984401344.6711,"status":"passed","message":"","name":"C:/Users/cyc39/Documents/New project 5/test/imagePromptRealism.test.ts"},{"assertionResults":[{"ancestorTitles":["C2PA manifest detection"],"fullName":"C2PA manifest detection reports the manifest size when the image model left its provenance behind","status":"passed","title":"reports the manifest size when the image model left its provenance behind","duration":4.61869999999999,"failureMessages":[],"meta":{},"tags":[]},{"ancestorTitles":["C2PA manifest detection"],"fullName":"C2PA manifest detection reports nothing once a re-encode has dropped the manifest","status":"passed","title":"reports nothing once a re-encode has dropped the manifest","duration":0.5948999999999387,"failureMessages":[],"meta":{},"tags":[]},{"ancestorTitles":["C2PA manifest detection"],"fullName":"C2PA manifest detection stops at IEND rather than reading trailing bytes as chunks","status":"passed","title":"stops at IEND rather than reading trailing bytes as chunks","duration":0.46879999999998745,"failureMessages":[],"meta":{},"tags":[]},{"ancestorTitles":["C2PA manifest detection"],"fullName":"C2PA manifest detection ignores a file that is not a PNG","status":"passed","title":"ignores a file that is not a PNG","duration":0.3025000000000091,"failureMessages":[],"meta":{},"tags":[]}],"startTime":1786984407430,"endTime":1786984407436.3025,"status":"passed","message":"","name":"C:/Users/cyc39/Documents/New project 5/test/imageProvenance.test.ts"},{"assertionResults":[{"ancestorTitles":["the stamp each image file carries"],"fullName":"the stamp each image file carries is written by the real marking command, with topic and both hashes","status":"passed","title":"is written by the real marking command, with topic and both hashes","duration":752.7292000000002,"failureMessages":[],"meta":{},"tags":[]},{"ancestorTitles":["the stamp each image file carries"],"fullName":"the stamp each image file carries approves a day where everything agrees","status":"passed","title":"approves a day where everything agrees","duration":281.44249999999965,"failureMessages":[],"meta":{},"tags":[]},{"ancestorTitles":["the stamp each image file carries"],"fullName":"the stamp each image file carries refuses to re-stamp a file whose bytes have not changed","status":"passed","title":"refuses to re-stamp a file whose bytes have not changed","duration":211.08889999999974,"failureMessages":[],"meta":{},"tags":[]},{"ancestorTitles":["what the approval gate refuses"],"fullName":"what the approval gate refuses approves when only the TOPIC_LABEL_PREFIXES label differs","status":"passed","title":"approves when only the TOPIC_LABEL_PREFIXES label differs","duration":1732.0621999999994,"failureMessages":[],"meta":{},"tags":[]},{"ancestorTitles":["what the approval gate refuses"],"fullName":"what the approval gate refuses still blocks when the object word changes under the same prefix","status":"passed","title":"still blocks when the object word changes under the same prefix","duration":879.0227999999997,"failureMessages":[],"meta":{},"tags":[]},{"ancestorTitles":["what the approval gate refuses"],"fullName":"what the approval gate refuses imports topicIdentity from generateImage instead of comparing raw topic text","status":"passed","title":"imports topicIdentity from generateImage instead of comparing raw topic text","duration":180.11089999999967,"failureMessages":[],"meta":{},"tags":[]},{"ancestorTitles":["what the approval gate refuses"],"fullName":"what the approval gate refuses blocks when a stamp names a different topic than the caption","status":"passed","title":"blocks when a stamp names a different topic than the caption","duration":916.3180000000002,"failureMessages":[],"meta":{},"tags":[]},{"ancestorTitles":["what the approval gate refuses"],"fullName":"what the approval gate refuses blocks when a stamp carries no topic, because agreement is then unproven","status":"passed","title":"blocks when a stamp carries no topic, because agreement is then unproven","duration":388.3628999999992,"failureMessages":[],"meta":{},"tags":[]},{"ancestorTitles":["what the approval gate refuses"],"fullName":"what the approval gate refuses blocks when the manifest agrees but the file's own stamp does not","status":"passed","title":"blocks when the manifest agrees but the file's own stamp does not","duration":425.83680000000004,"failureMessages":[],"meta":{},"tags":[]},{"ancestorTitles":["what the approval gate refuses"],"fullName":"what the approval gate refuses blocks when the image was swapped after it was stamped","status":"passed","title":"blocks when the image was swapped after it was stamped","duration":295.91689999999926,"failureMessages":[],"meta":{},"tags":[]},{"ancestorTitles":["what the approval gate refuses"],"fullName":"what the approval gate refuses blocks when the prompt changed but the image was never regenerated","status":"passed","title":"blocks when the prompt changed but the image was never regenerated","duration":273.52399999999943,"failureMessages":[],"meta":{},"tags":[]},{"ancestorTitles":["what the approval gate refuses"],"fullName":"what the approval gate refuses blocks a non-first slot too","status":"passed","title":"blocks a non-first slot too","duration":1022.6741999999995,"failureMessages":[],"meta":{},"tags":[]},{"ancestorTitles":["what the approval gate refuses"],"fullName":"what the approval gate refuses names the one polluted slide of a carousel, not just the first","status":"passed","title":"names the one polluted slide of a carousel, not just the first","duration":663.1075000000001,"failureMessages":[],"meta":{},"tags":[]},{"ancestorTitles":["what the approval gate refuses"],"fullName":"what the approval gate refuses blocks when a record is filed under the wrong slot","status":"passed","title":"blocks when a record is filed under the wrong slot","duration":260.4948000000004,"failureMessages":[],"meta":{},"tags":[]},{"ancestorTitles":["what the approval gate refuses","the narrower check publishing runs"],"fullName":"what the approval gate refuses the narrower check publishing runs reports an image whose bytes moved after stamping","status":"passed","title":"reports an image whose bytes moved after stamping","duration":487.54309999999896,"failureMessages":[],"meta":{},"tags":[]},{"ancestorTitles":["what the approval gate refuses","the narrower check publishing runs"],"fullName":"what the approval gate refuses the narrower check publishing runs says nothing when the bytes are untouched","status":"passed","title":"says nothing when the bytes are untouched","duration":649.3187999999991,"failureMessages":[],"meta":{},"tags":[]},{"ancestorTitles":["what the approval gate refuses","the narrower check publishing runs"],"fullName":"what the approval gate refuses the narrower check publishing runs catches a swap that was re-stamped to look consistent","status":"passed","title":"catches a swap that was re-stamped to look consistent","duration":360.84990000000107,"failureMessages":[],"meta":{},"tags":[]},{"ancestorTitles":["what the approval gate refuses","the narrower check publishing runs"],"fullName":"what the approval gate refuses the narrower check publishing runs is wired into the live publish boundary before any Meta call or post log","status":"passed","title":"is wired into the live publish boundary before any Meta call or post log","duration":544.2070999999996,"failureMessages":[],"meta":{},"tags":[]},{"ancestorTitles":["what the approval gate refuses","the narrower check publishing runs"],"fullName":"what the approval gate refuses the narrower check publishing runs on a pre-snapshot day still blocks a swap that was not re-stamped","status":"passed","title":"on a pre-snapshot day still blocks a swap that was not re-stamped","duration":323.5054,"failureMessages":[],"meta":{},"tags":[]},{"ancestorTitles":["what the approval gate refuses","the narrower check publishing runs"],"fullName":"what the approval gate refuses the narrower check publishing runs on a pre-snapshot day does not refuse matching stamps just because the digest file is absent","status":"passed","title":"on a pre-snapshot day does not refuse matching stamps just because the digest file is absent","duration":3591.0946000000004,"failureMessages":[],"meta":{},"tags":[]},{"ancestorTitles":["what the approval gate refuses","the narrower check publishing runs"],"fullName":"what the approval gate refuses the narrower check publishing runs refuses a digest slot whose value is null instead of a map, and does not call Meta","status":"passed","title":"refuses a digest slot whose value is null instead of a map, and does not call Meta","duration":283.48659999999836,"failureMessages":[],"meta":{},"tags":[]},{"ancestorTitles":["what the approval gate refuses","the narrower check publishing runs"],"fullName":"what the approval gate refuses the narrower check publishing runs imagesDifferFromApproval reports a present non-map slot instead of fail-opening","status":"passed","
[...]
":["diversified video item profiles"],"fullName":"diversified video item profiles infers 白鞋鞋舌與鞋墊邊 as shoes","status":"passed","title":"infers 白鞋鞋舌與鞋墊邊 as shoes","duration":3.577699999999936,"failureMessages":[],"meta":{},"tags":[]},{"ancestorTitles":["diversified video item profiles"],"fullName":"diversified video item profiles infers 化妝包拉鍊邊 as bags","status":"passed","title":"infers 化妝包拉鍊邊 as bags","duration":0.4210000000000491,"failureMessages":[],"meta":{},"tags":[]},{"ancestorTitles":["diversified video item profiles"],"fullName":"diversified video item profiles infers 棉被收納前的濕氣 as bedding","status":"passed","title":"infers 棉被收納前的濕氣 as bedding","duration":0.3574999999999591,"failureMessages":[],"meta":{},"tags":[]},{"ancestorTitles":["diversified video item profiles"],"fullName":"diversified video item profiles infers 皮衣袖口摺痕 as leather","status":"passed","title":"infers 皮衣袖口摺痕 as leather","duration":0.30960000000004584,"failureMessages":[],"meta":{},"tags":[]},{"ancestorTitles":["diversified video item profiles"],"fullName":"diversified video item profiles infers 襯衫、皮鞋、外套整理提醒 as mixed","status":"passed","title":"infers 襯衫、皮鞋、外套整理提醒 as mixed","duration":0.3263000000000602,"failureMessages":[],"meta":{},"tags":[]},{"ancestorTitles":["diversified video item profiles"],"fullName":"diversified video item profiles infers 絨毛娃娃填充物檢查 as mixed","status":"passed","title":"infers 絨毛娃娃填充物檢查 as mixed","duration":0.43020000000001346,"failureMessages":[],"meta":{},"tags":[]},{"ancestorTitles":["diversified video item profiles"],"fullName":"diversified video item profiles keeps each category's action and claim guardrails explicit","status":"passed","title":"keeps each category's action and claim guardrails explicit","duration":4.295600000000036,"failureMessages":[],"meta":{},"tags":[]},{"ancestorTitles":["diversified video item profiles"],"fullName":"diversified video item profiles does not duplicate the profile directive on repeated manifest builds","status":"passed","title":"does not duplicate the profile directive on repeated manifest builds","duration":2.9651999999999816,"failureMessages":[],"meta":{},"tags":[]}],"startTime":1786984406476,"endTime":1786984406491.965,"status":"passed","message":"","name":"C:/Users/cyc39/Documents/New project 5/test/videoItemProfiles.test.ts"},{"assertionResults":[{"ancestorTitles":["video review gate"],"fullName":"video review gate binds dual review approval to the exact final video and prompt","status":"passed","title":"binds dual review approval to the exact final video and prompt","duration":114.06709999999998,"failureMessages":[],"meta":{},"tags":[]},{"ancestorTitles":["video review gate"],"fullName":"video review gate rejects a video changed after review","status":"passed","title":"rejects a video changed after review","duration":94.26250000000005,"failureMessages":[],"meta":{},"tags":[]}],"startTime":1786984405391,"endTime":1786984405600.2625,"status":"passed","message":"","name":"C:/Users/cyc39/Documents/New project 5/test/videoReviewGate.test.ts"},{"assertionResults":[{"ancestorTitles":["Reel run/prompt freshness"],"fullName":"Reel run/prompt freshness hashes prompts with the same SHA-256 algorithm written into run.json","status":"passed","title":"hashes prompts with the same SHA-256 algorithm written into run.json","duration":7.2280000000000655,"failureMessages":[],"meta":{},"tags":[]},{"ancestorTitles":["Reel run/prompt freshness"],"fullName":"Reel run/prompt freshness accepts a complete run whose prompt_hash matches the current video_prompt","status":"passed","title":"accepts a complete run whose prompt_hash matches the current video_prompt","duration":24.154699999999934,"failureMessages":[],"meta":{},"tags":[]},{"ancestorTitles":["Reel run/prompt freshness"],"fullName":"Reel run/prompt freshness rejects a stale creative when run prompt_hash does not match the current video_prompt","status":"passed","title":"rejects a stale creative when run prompt_hash does not match the current video_prompt","duration":31.17859999999996,"failureMessages":[],"meta":{},"tags":[]},{"ancestorTitles":["Reel run/prompt freshness"],"fullName":"Reel run/prompt freshness blocks validatePublishableMedia on stale prompt before treating the old MP4 as publishable","status":"passed","title":"blocks validatePublishableMedia on stale prompt before treating the old MP4 as publishable","duration":126.94889999999998,"failureMessages":[],"meta":{},"tags":[]}],"startTime":1786984402220,"endTime":1786984402408.949,"status":"passed","message":"","name":"C:/Users/cyc39/Documents/New project 5/test/videoRunFreshness.test.ts"},{"assertionResults":[{"ancestorTitles":["video script quality"],"fullName":"video script quality passes both 2026-07-29 scripts with concrete objects and one-action prompts","status":"passed","title":"passes both 2026-07-29 scripts with concrete objects and one-action prompts","duration":97.49549999999999,"failureMessages":[],"meta":{},"tags":[]}],"startTime":1786984406326,"endTime":1786984406423.4956,"status":"passed","message":"","name":"C:/Users/cyc39/Documents/New project 5/test/videoScriptQuality.test.ts"},{"assertionResults":[{"ancestorTitles":["scene-aware sampling"],"fullName":"scene-aware sampling detects treatment from filename and duration","status":"passed","title":"detects treatment from filename and duration","duration":4.273199999999861,"failureMessages":[],"meta":{},"tags":[]},{"ancestorTitles":["scene-aware sampling"],"fullName":"scene-aware sampling A is 4+5+tpad1+4 with two samples per act","status":"passed","title":"A is 4+5+tpad1+4 with two samples per act","duration":3.12519999999995,"failureMessages":[],"meta":{},"tags":[]},{"ancestorTitles":["scene-aware sampling"],"fullName":"scene-aware sampling B adds a third sample on the second after","status":"passed","title":"B adds a third sample on the second after","duration":0.7132000000001426,"failureMessages":[],"meta":{},"tags":[]},{"ancestorTitles":["scene-aware sampling"],"fullName":"scene-aware sampling does not use 35/60 percent as the only QA samples","status":"passed","title":"does not use 35/60 percent as the only QA samples","duration":2.8364000000001397,"failureMessages":[],"meta":{},"tags":[]},{"ancestorTitles":["canary and judge contract"],"fullName":"canary and judge contract burns a 4-character canary on QA copies only","status":"passed","title":"burns a 4-character canary on QA copies only","duration":0.6471000000001368,"failureMessages":[],"meta":{},"tags":[]},{"ancestorTitles":["canary and judge contract"],"fullName":"canary and judge contract uses Python to list QA frames so Chinese paths are not PS -match","status":"passed","title":"uses Python to list QA frames so Chinese paths are not PS -match","duration":0.5270000000000437,"failureMessages":[],"meta":{},"tags":[]},{"ancestorTitles":["canary and judge contract"],"fullName":"canary and judge contract judge_blind is counted separately from content FAIL","status":"passed","title":"judge_blind is counted separately from content FAIL","duration":3.2080000000000837,"failureMessages":[],"meta":{},"tags":[]},{"ancestorTitles":["canary and judge contract"],"fullName":"canary and judge contract missing axis is FAIL_CLOSED","status":"passed","title":"missing axis is FAIL_CLOSED","duration":1.893199999999979,"failureMessages":[],"meta":{},"tags":[]},{"ancestorTitles":["canary and judge contract"],"fullName":"canary and judge contract recovers axes when evidence JSON is garbled","status":"passed","title":"recovers axes when evidence JSON is garbled","duration":1.0288000000000466,"failureMessages":[],"meta":{},"tags":[]},{"ancestorTitles":["canary and judge contract"],"fullName":"canary and judge contract only accepts the VISUAL_QA marker JSON","status":"passed","title":"only accepts the VISUAL_QA marker JSON","duration":0.9125000000001364,"failureMessages":[],"meta":{},"tags":[]},{"ancestorTitles":["canary and judge contract"],"fullName":"canary and judge contract PASS with any axis FAIL becomes FAIL","status":"passed","title":"PASS with any axis FAIL becomes FAIL","duration":0.8518999999998869,"failureMessages":[],"meta":{},"tags":[]},{"ancestorTitles":["judge prompt"],"fullName":"judge prompt requires every axis, canaries, and forbids generation / always-PASS","status":"passed","title":"requires every axis, canaries, and forbids generation / always-PASS","duration":2.836999999999989,"failureMessages":[],"meta":{},"tags":[]},{"ancestorTitles":["judge prompt"],"fullName":"judge prompt mutation: fixture names or answers in the prompt fail the overfit guard","status":"passed","title":"mutation: fixture names or answers in the prompt fail the overfit guard","duration":1.3951999999999316,"failureMessages":[],"meta":{},"tags":[]},{"ancestorTitles":["judge prompt"],"fullName":"judge prompt mutation 1: rewriting the prompt to always PASS is rejected","status":"passed","title":"mutation 1: rewriting the prompt to always PASS is rejected","duration":1.0131999999998698,"failureMessages":[],"meta":{},"tags":[]},{"ancestorTitles":["rubric coherence"],"fullName":"rubric coherence mutation: declared change with axis PASS is FAIL_CLOSED rubric_incoherent","status":"passed","title":"mutation: declared change with axis PASS is FAIL_CLOSED rubric_incoherent","duration":2.1387999999999465,"failureMessages":[],"meta":{},"tags":[]},{"ancestorTitles":["rubric coherence"],"fullName":"rubric coherence declared change with matching FAIL stays content FAIL","status":"passed","title":"declared change with matching FAIL stays content FAIL","duration":0.6009000000001379,"failureMessages":[],"meta":{},"tags":[]},{"ancestorTitles":["rubric coherence"],"fullName":"rubric coherence same-token observations with PASS stay PASS","status":"passed","title":"same-token observations with PASS stay PASS","duration":1.2674999999999272,"failureMessages":[],"meta":{},"tags":[]},{"ancestorTitles":["publish warning wiring"],"fullName":"publish warning wiring mutation 2: validatePublishableReel must read visual-qa.json","status":"passed","title":"mutation 2: validatePublishableReel must read visual-qa.json","duration":0.41780000000017026,"failureMessages":[],"meta":{},"tags":[]},{"ancestorTitles":["publish warning wiring"],"fullName":"publish warning wiring warn mode does not throw when the sidecar is missing or FAIL","status":"passed","title":"warn mode does not throw when the sidecar is missing or FAIL","duration":115.60129999999981,"failureMessages":[],"meta":{},"tags":[]},{"ancestorTitles":["canary mutation and frame-read binding"],"fullName":"canary mutation and frame-read binding mutation 3: dropping canary checks lets missing images look like PASS unless the check exists","status":"passed","title":"mutation 3: dropping canary checks lets missing images look like PASS unless the check exists","duration":0.8569999999999709,"failureMessages":[],"meta":{},"tags":[]},{"ancestorTitles":["canary mutation and frame-read binding"],"fullName":"canary mutation and frame-read binding mutation 4: a hardcoded answer that never reads frames is FAIL_CLOSED","status":"passed","title":"mutation 4: a hardcoded answer that never reads frames is FAIL_CLOSED","duration":24.913600000000088,"failureMessages":[],"meta":{},"tags":[]},{"ancestorTitles":["standing-policy isolation"],"fullName":"standing-policy isolation standing-policy cannot write or satisfy visual-qa","status":"passed","title":"standing-policy cannot write or satisfy visual-qa","duration":0.7076999999999316,"failureMessages":[],"meta":{},"tags":[]},{"ancestorTitles":["rejected concepts and isolation plan"],"fullName":"rejected concepts and isolation plan loads suede onto the rejected list and produce-next-reel consults it twice","status":"passed","title":"loads suede onto the rejected list and produce-next-reel consults it twice","duration":6.814200000000028,"failureMessages":[],"meta":{},"tags":[]},{"ancestorTitles":["rejected concepts and isolation plan"],"fullName":"rejected concepts and isolation plan isolation plan has six layers including reference-photos","status":"passed","title":"isolation plan has six layers including reference-photos","duration":0.8644999999999072,"failureMessages":[],"meta":{},"tags":[]},{"ancestorTitles":["rejected concepts and isolation plan"],"fullName":"rejected concepts and isolation plan static gate reads data/reference-photos, not output references copies","status":"passed","title":"static gate reads data/reference-photos, not output references copies","duration":1.133299999999963,"failureMessages":[],"meta":{},"tags":[]},{"ancestorTitles":["call mode freeze"],"fullName":"call mode freeze check-reel-story uses read-only exec, one -i per frame, stdin prompt","status":"passed","title":"check-reel-story uses read-only exec, one -i per frame, stdin prompt","duration":0.4195999999999458,"failureMessages":[],"meta":{},"tags":[]},{"ancestorTitles":["extract-reel-frames live canary burn"],"fullName":"extract-reel-frames live canary burn extracts scene-aware QA frames with sidecar hashes","status":"passed","title":"extracts scene-aware QA frames with sidecar hashes","duration":12454.4935,"failureMessages":[],"meta":{},"tags":[]},{"ancestorTitles":["validatePublishableReel stays unwired as a hard gate"],"fullName":"validatePublishableReel stays unwired as a hard gate does not throw from visual-qa inside validatePublishableReel","status":"passed","title":"does not throw from visual-qa inside validatePublishableReel","duration":0.7425999999995838,"failureMessages":[],"meta":{},"tags":[]},{"ancestorTitles":["carousel judge prompt"],"fullName":"carousel judge prompt requires carousel axes, canaries, observe-then-derive, and forbids generation","status":"passed","title":"requires carousel axes, canaries, observe-then-derive, and forbids generation","duration":2.1334999999999127,"failureMessages":[],"meta":{},"tags":[]},{"ancestorTitles":["carousel judge prompt"],"fullName":"carousel judge prompt mutation: dropping OBJECT_IDENTITY from the carousel prompt is rejected","status":"passed","title":"mutation: dropping OBJECT_IDENTITY from the carousel prompt is rejected","duration":0.6882999999997992,"failureMessages":[],"meta":{},"tags":[]},{"ancestorTitles":["carousel judge prompt"],"fullName":"carousel judge prompt does not overfit carousel fixture names or reel fixture answers","status":"passed","title":"does not overfit carousel fixture names or reel fixture answers","duration":1.0408000000006723,"failureMessages":[],"meta":{},"tags":[]},{"ancestorTitles":["carousel resolve and parse"],"fullName":"carousel resolve and parse parses dir+slot specs","status":"passed","title":"parses dir+slot specs","duration":0.7723000000005413,"failureMessages":[],"meta":{},"tags":[]},{"ancestorTitles":["carousel resolve and parse"],"fullName":"carousel resolve and parse resolves the live 8/17 four-slide sets","status":"passed","title":"resolves the live 8/17 four-slide sets","duration":3.9157999999988533,"failureMessages":[],"meta":{},"tags":[]},{"ancestorTitles":["carousel resolve and parse"],"fullName":"carousel resolve and parse parses carousel VISUAL_QA JSON including TOPIC_MATCH","status":"passed","title":"parses carousel VISUAL_QA JSON including TOPIC_MATCH","duration":2.1748999999999796,"failureMessages":[],"meta":{},"tags":[]},{"ancestorTitles":["carousel fixture red and green"],"fullName":"carousel fixture red and green red mixed-garment fixture FAILs and names OBJECT_IDENTITY","status":"passed","title":"red mixed-garment fixture FAILs and names OBJECT_IDENTITY","duration":7.061500000001615,"failureMessages":[],"meta":{},"tags":[]},{"ancestorTitles":["carousel fixture red and green"],"fullName":"carousel fixture red and green green rain-shoe fixture PASSes","status":"passed","title":"green rain-shoe fixture PASSes","duration":3.5363000000015745,"failureMessages":[],"meta":{},"tags":[]},{"ancestorTitles":["carousel observe block is mandatory"],"fullName":"carousel observe block is mandatory PASS axes with no OBS is FAIL_CLOSED missing_observation","status":"passed","title":"PASS axes with no OBS is FAIL_CLOSED missing_observation","duration":0.4602999999988242,"failureMessages":[],"meta":{},"tags":[]},{"ancestorTitles":["carousel observe block is mandatory"],"fullName":"carousel observe block is mandatory partial OBS is FAIL_CLOSED missing_observation","status":"passed","title":"partial OBS is FAIL_CLOSED missing_observation","duration":0.7947999999996682,"failureMessages":[],"meta":{},"tags":[]},{"ancestorTitles":["carousel observe block is mandatory"],"fullName":"carousel observe block is mandatory duplicate OBS index is FAIL_CLOSED missing_observation","status":"passed","title":"duplicate OBS index is FAIL_CLOSED missing_observation","duration":0.9645999999993364,"failureMessages":[],"meta":{},"tags":[]},{"ancestorTitles":["carousel observe block is mandatory"],"fullName":"carousel observe block is mandatory skipped OBS index is FAIL_CLOSED missing_observation","status":"passed","title":"skipped OBS index is FAIL_CLOSED missing_observation","duration":0.4337999999988824,"failureMessages":[],"meta":{},"tags":[]},{"ancestorTitles":["carousel observe block is mandatory"],"fullName":"carousel observe block is mandatory missing OBS field is FAIL_CLOSED missing_observation","status":"passed","title":"missing OBS field is FAIL_CLOSED missing_observation","duration":0.6252999999996973,"failureMessages":[],"meta":{},"tags":[]},{"ancestorTitles":["carousel observe block is mandatory"],"fullName":"carousel observe block is mandatory missing COMPARE is FAIL_CLOSED missing_observation","status":"passed","title":"missing COMPARE is FAIL_CLOSED missing_observation","duration":0.48289999999906286,"failureMessages":[],"meta":{},"tags":[]},{"ancestorTitles":["carousel observe block is mandatory"],"fullName":"carousel observe block is mandatory complete OBS plus axes PASS stays PASS","status":"passed","title":"complete OBS plus axes PASS stays PASS","duration":0.46260000000074797,"failureMessages":[],"meta":{},"tags":[]},{"ancestorTitles":["carousel mutations"],"fullName":"carousel mutations mutation: removing OBJECT_IDENTITY from the verdict is FAIL_CLOSED missing_axis","status":"passed","title":"mutation: removing OBJECT_IDENTITY from the verdict is FAIL_CLOSED missing_axis","duration":0.34579999999914435,"failureMessages":[],"meta":{},"tags":[]},{"ancestorTitles":["carousel mutations"],"fullName":"carousel mutations mutation: dropping canaries is judge_blind","status":"passed","title":"mutation: dropping canaries is judge_blind","duration":0.29169999999976426,"failureMessages":[],"meta":{},"tags":[]},{"ancestorTitles":["carousel mutations"],"fullName":"carousel mutations declared type mix with OBJECT_IDENTITY PASS is rubric_incoherent","status":"passed","title":"declared type mix with OBJECT_IDENTITY PASS is rubric_incoherent","duration":0.5134999999991123,"failureMessages":[],"meta":{},"tags":[]},{"ancestorTitles":["carousel warn-mode wiring"],"fullName":"carousel warn-mode wiring generate-missing-images calls carousel QA after a complete slot and does not block","status":"passed","title":"generate-missing-images calls carousel QA after a complete slot and does not block","duration":0.6031000000002678,"failureMessages":[],"meta":{},"tags":[]},{"ancestorTitles":["carousel warn-mode wiring"],"fullName":"carousel warn-mode wiring live 8/17 calibration snapshots still discriminate","status":"passed","title":"live 8/17 calibration snapshots still discriminate","duration":2.98949999999968,"failureMessages":[],"meta":{},"tags":[]},{"ancestorTitles":["carousel CLI surface"],"fullName":"carousel CLI surface visualQaCli accepts --carousel emit-prompt for a file list","status":"passed","title":"visualQaCli accepts --carousel emit-prompt for a file list","duration":528.8510999999999,"failureMessages":[],"meta":{},"tags":[]}],"startTime":1786984398804,"endTime":1786984412001.851,"status":"passed","message":"","name":"C:/Users/cyc39/Documents/New project 5/test/visualQa.test.ts"}]}